{"numFailedTestSuites":2,"numFailedTests":10,"numPassedTestSuites":10,"numPassedTests":44,"numPendingTestSuites":0,"numPendingTests":0,"numRuntimeErrorTestSuites":1,"numTodoTests":0,"numTotalTestSuites":12,"numTotalTests":54,"openHandles":[],"snapshot":{"added":0,"didUpdate":false,"failure":false,"filesAdded":0,"filesRemoved":0,"filesRemovedList":[],"filesUnmatched":0,"filesUpdated":0,"matched":0,"total":0,"unchecked":0,"uncheckedKeysByFile":[],"unmatched":0,"updated":0},"startTime":1774967289812,"success":false,"testResults":[{"assertionResults":[{"ancestorTitles":["billsSlice reducers"],"duration":41,"failing":false,"failureDetails":[],"failureMessages":[],"fullName":"billsSlice reducers setBills sets items and marks status as succeeded","invocations":1,"location":null,"numPassingAsserts":2,"retryReasons":[],"startAt":1774967293596,"status":"passed","title":"setBills sets items and marks status as succeeded"},{"ancestorTitles":["billsSlice reducers"],"duration":4,"failing":false,"failureDetails":[],"failureMessages":[],"fullName":"billsSlice reducers setBills with empty array sets items to [] and status to succeeded","invocations":1,"location":null,"numPassingAsserts":2,"retryReasons":[],"startAt":1774967293639,"status":"passed","title":"setBills with empty array sets items to [] and status to succeeded"},{"ancestorTitles":["billsSlice reducers"],"duration":3,"failing":false,"failureDetails":[],"failureMessages":[],"fullName":"billsSlice reducers setFilterStatus sets filter.status to UE","invocations":1,"location":null,"numPassingAsserts":1,"retryReasons":[],"startAt":1774967293646,"status":"passed","title":"setFilterStatus sets filter.status to UE"},{"ancestorTitles":["billsSlice reducers"],"duration":9,"failing":false,"failureDetails":[],"failureMessages":[],"fullName":"billsSlice reducers setFilterStatus resets back to all","invocations":1,"location":null,"numPassingAsserts":1,"retryReasons":[],"startAt":1774967293649,"status":"passed","title":"setFilterStatus resets back to all"},{"ancestorTitles":["billsSlice selectors"],"duration":7,"failing":false,"failureDetails":[],"failureMessages":[],"fullName":"billsSlice selectors selectFilteredBills returns all bills when no search","invocations":1,"location":null,"numPassingAsserts":1,"retryReasons":[],"startAt":1774967293658,"status":"passed","title":"selectFilteredBills returns all bills when no search"},{"ancestorTitles":["billsSlice selectors"],"duration":9,"failing":false,"failureDetails":[],"failureMessages":[],"fullName":"billsSlice selectors selectFilteredBills filters by title","invocations":1,"location":null,"numPassingAsserts":2,"retryReasons":[],"startAt":1774967293666,"status":"passed","title":"selectFilteredBills filters by title"},{"ancestorTitles":["billsSlice selectors"],"duration":1,"failing":false,"failureDetails":[],"failureMessages":[],"fullName":"billsSlice selectors selectFilteredBills filters by id","invocations":1,"location":null,"numPassingAsserts":1,"retryReasons":[],"startAt":1774967293675,"status":"passed","title":"selectFilteredBills filters by id"},{"ancestorTitles":["billsSlice selectors"],"duration":3,"failing":false,"failureDetails":[],"failureMessages":[],"fullName":"billsSlice selectors selectFilteredBills filters by UE status","invocations":1,"location":null,"numPassingAsserts":2,"retryReasons":[],"startAt":1774967293676,"status":"passed","title":"selectFilteredBills filters by UE status"},{"ancestorTitles":["billsSlice selectors"],"duration":5,"failing":false,"failureDetails":[],"failureMessages":[],"fullName":"billsSlice selectors selectFilteredBills sorts by date descending","invocations":1,"location":null,"numPassingAsserts":3,"retryReasons":[],"startAt":1774967293679,"status":"passed","title":"selectFilteredBills sorts by date descending"},{"ancestorTitles":["billsSlice selectors"],"duration":1,"failing":false,"failureDetails":[],"failureMessages":[],"fullName":"billsSlice selectors selectBills returns raw items","invocations":1,"location":null,"numPassingAsserts":1,"retryReasons":[],"startAt":1774967293685,"status":"passed","title":"selectBills returns raw items"},{"ancestorTitles":["billsSlice selectors"],"duration":4,"failing":false,"failureDetails":[],"failureMessages":[],"fullName":"billsSlice selectors selectFilter returns the filter object","invocations":1,"location":null,"numPassingAsserts":1,"retryReasons":[],"startAt":1774967293686,"status":"passed","title":"selectFilter returns the filter object"}],"endTime":1774967293695,"message":"","name":"/Users/szymonpaczos/OpenOurGov/frontend/lib/features/bills/__tests__/billsSlice.test.ts","startTime":1774967292093,"status":"passed","summary":""},{"assertionResults":[{"ancestorTitles":["Data Loaders","getBills"],"duration":154,"failing":false,"failureDetails":[{"code":"MODULE_NOT_FOUND","hint":"","siblingWithSimilarExtensionFound":false,"moduleName":"@/lib/bills","_originalMessage":"Cannot find module '@/lib/bills' from 'lib/__tests__/dataLoaders.test.ts'"}],"failureMessages":["Error: Cannot find module '@/lib/bills' from 'lib/__tests__/dataLoaders.test.ts'\n    at Resolver._throwModNotFoundError (/Users/szymonpaczos/OpenOurGov/frontend/node_modules/jest-resolve/build/index.js:863:11)\n    at Resolver.resolveModule (/Users/szymonpaczos/OpenOurGov/frontend/node_modules/jest-resolve/build/index.js:810:10)\n    at Resolver._getVirtualMockPath (/Users/szymonpaczos/OpenOurGov/frontend/node_modules/jest-resolve/build/index.js:1004:84)\n    at Resolver._getAbsolutePath (/Users/szymonpaczos/OpenOurGov/frontend/node_modules/jest-resolve/build/index.js:984:98)\n    at Resolver.getModuleID (/Users/szymonpaczos/OpenOurGov/frontend/node_modules/jest-resolve/build/index.js:949:31)\n    at Runtime._shouldMockCjs (/Users/szymonpaczos/OpenOurGov/frontend/node_modules/jest-runtime/build/index.js:1486:37)\n    at Runtime.requireModuleOrMock (/Users/szymonpaczos/OpenOurGov/frontend/node_modules/jest-runtime/build/index.js:961:16)\n    at Object.require (/Users/szymonpaczos/OpenOurGov/frontend/lib/__tests__/dataLoaders.test.ts:21:34)\n    at Promise.finally.completed (/Users/szymonpaczos/OpenOurGov/frontend/node_modules/jest-circus/build/jestAdapterInit.js:1557:28)\n    at new Promise (<anonymous>)\n    at callAsyncCircusFn (/Users/szymonpaczos/OpenOurGov/frontend/node_modules/jest-circus/build/jestAdapterInit.js:1497:10)\n    at _callCircusTest (/Users/szymonpaczos/OpenOurGov/frontend/node_modules/jest-circus/build/jestAdapterInit.js:1007:40)\n    at processTicksAndRejections (node:internal/process/task_queues:103:5)\n    at _runTest (/Users/szymonpaczos/OpenOurGov/frontend/node_modules/jest-circus/build/jestAdapterInit.js:947:3)\n    at /Users/szymonpaczos/OpenOurGov/frontend/node_modules/jest-circus/build/jestAdapterInit.js:849:7\n    at _runTestsForDescribeBlock (/Users/szymonpaczos/OpenOurGov/frontend/node_modules/jest-circus/build/jestAdapterInit.js:862:11)\n    at _runTestsForDescribeBlock (/Users/szymonpaczos/OpenOurGov/frontend/node_modules/jest-circus/build/jestAdapterInit.js:857:11)\n    at _runTestsForDescribeBlock (/Users/szymonpaczos/OpenOurGov/frontend/node_modules/jest-circus/build/jestAdapterInit.js:857:11)\n    at run (/Users/szymonpaczos/OpenOurGov/frontend/node_modules/jest-circus/build/jestAdapterInit.js:761:3)\n    at runAndTransformResultsToJestFormat (/Users/szymonpaczos/OpenOurGov/frontend/node_modules/jest-circus/build/jestAdapterInit.js:1918:21)\n    at jestAdapter (/Users/szymonpaczos/OpenOurGov/frontend/node_modules/jest-circus/build/runner.js:101:19)\n    at runTestInternal (/Users/szymonpaczos/OpenOurGov/frontend/node_modules/jest-runner/build/testWorker.js:275:16)\n    at runTest (/Users/szymonpaczos/OpenOurGov/frontend/node_modules/jest-runner/build/testWorker.js:343:7)\n    at Object.worker (/Users/szymonpaczos/OpenOurGov/frontend/node_modules/jest-runner/build/testWorker.js:497:12)"],"fullName":"Data Loaders getBills returns bills array when file exists","invocations":1,"location":null,"numPassingAsserts":0,"retryReasons":[],"startAt":1774967293492,"status":"failed","title":"returns bills array when file exists"},{"ancestorTitles":["Data Loaders","getBills"],"duration":13,"failing":false,"failureDetails":[{"code":"MODULE_NOT_FOUND","hint":"","siblingWithSimilarExtensionFound":false,"moduleName":"@/lib/bills","_originalMessage":"Cannot find module '@/lib/bills' from 'lib/__tests__/dataLoaders.test.ts'"}],"failureMessages":["Error: Cannot find module '@/lib/bills' from 'lib/__tests__/dataLoaders.test.ts'\n    at Resolver._throwModNotFoundError (/Users/szymonpaczos/OpenOurGov/frontend/node_modules/jest-resolve/build/index.js:863:11)\n    at Resolver.resolveModule (/Users/szymonpaczos/OpenOurGov/frontend/node_modules/jest-resolve/build/index.js:810:10)\n    at Resolver._getVirtualMockPath (/Users/szymonpaczos/OpenOurGov/frontend/node_modules/jest-resolve/build/index.js:1004:84)\n    at Resolver._getAbsolutePath (/Users/szymonpaczos/OpenOurGov/frontend/node_modules/jest-resolve/build/index.js:984:98)\n    at Resolver.getModuleID (/Users/szymonpaczos/OpenOurGov/frontend/node_modules/jest-resolve/build/index.js:949:31)\n    at Runtime._shouldMockCjs (/Users/szymonpaczos/OpenOurGov/frontend/node_modules/jest-runtime/build/index.js:1486:37)\n    at Runtime.requireModuleOrMock (/Users/szymonpaczos/OpenOurGov/frontend/node_modules/jest-runtime/build/index.js:961:16)\n    at Object.require (/Users/szymonpaczos/OpenOurGov/frontend/lib/__tests__/dataLoaders.test.ts:38:34)\n    at Promise.finally.completed (/Users/szymonpaczos/OpenOurGov/frontend/node_modules/jest-circus/build/jestAdapterInit.js:1557:28)\n    at new Promise (<anonymous>)\n    at callAsyncCircusFn (/Users/szymonpaczos/OpenOurGov/frontend/node_modules/jest-circus/build/jestAdapterInit.js:1497:10)\n    at _callCircusTest (/Users/szymonpaczos/OpenOurGov/frontend/node_modules/jest-circus/build/jestAdapterInit.js:1007:40)\n    at processTicksAndRejections (node:internal/process/task_queues:103:5)\n    at _runTest (/Users/szymonpaczos/OpenOurGov/frontend/node_modules/jest-circus/build/jestAdapterInit.js:947:3)\n    at /Users/szymonpaczos/OpenOurGov/frontend/node_modules/jest-circus/build/jestAdapterInit.js:849:7\n    at _runTestsForDescribeBlock (/Users/szymonpaczos/OpenOurGov/frontend/node_modules/jest-circus/build/jestAdapterInit.js:862:11)\n    at _runTestsForDescribeBlock (/Users/szymonpaczos/OpenOurGov/frontend/node_modules/jest-circus/build/jestAdapterInit.js:857:11)\n    at _runTestsForDescribeBlock (/Users/szymonpaczos/OpenOurGov/frontend/node_modules/jest-circus/build/jestAdapterInit.js:857:11)\n    at run (/Users/szymonpaczos/OpenOurGov/frontend/node_modules/jest-circus/build/jestAdapterInit.js:761:3)\n    at runAndTransformResultsToJestFormat (/Users/szymonpaczos/OpenOurGov/frontend/node_modules/jest-circus/build/jestAdapterInit.js:1918:21)\n    at jestAdapter (/Users/szymonpaczos/OpenOurGov/frontend/node_modules/jest-circus/build/runner.js:101:19)\n    at runTestInternal (/Users/szymonpaczos/OpenOurGov/frontend/node_modules/jest-runner/build/testWorker.js:275:16)\n    at runTest (/Users/szymonpaczos/OpenOurGov/frontend/node_modules/jest-runner/build/testWorker.js:343:7)\n    at Object.worker (/Users/szymonpaczos/OpenOurGov/frontend/node_modules/jest-runner/build/testWorker.js:497:12)"],"fullName":"Data Loaders getBills returns empty array when file does not exist","invocations":1,"location":null,"numPassingAsserts":0,"retryReasons":[],"startAt":1774967293683,"status":"failed","title":"returns empty array when file does not exist"},{"ancestorTitles":["Data Loaders","getMPs / getMP"],"duration":1,"failing":false,"failureDetails":[{"code":"MODULE_NOT_FOUND","hint":"","siblingWithSimilarExtensionFound":false,"moduleName":"@/lib/mps","_originalMessage":"Cannot find module '@/lib/mps' from 'lib/__tests__/dataLoaders.test.ts'"}],"failureMessages":["Error: Cannot find module '@/lib/mps' from 'lib/__tests__/dataLoaders.test.ts'\n    at Resolver._throwModNotFoundError (/Users/szymonpaczos/OpenOurGov/frontend/node_modules/jest-resolve/build/index.js:863:11)\n    at Resolver.resolveModule (/Users/szymonpaczos/OpenOurGov/frontend/node_modules/jest-resolve/build/index.js:810:10)\n    at Resolver._getVirtualMockPath (/Users/szymonpaczos/OpenOurGov/frontend/node_modules/jest-resolve/build/index.js:1004:84)\n    at Resolver._getAbsolutePath (/Users/szymonpaczos/OpenOurGov/frontend/node_modules/jest-resolve/build/index.js:984:98)\n    at Resolver.getModuleID (/Users/szymonpaczos/OpenOurGov/frontend/node_modules/jest-resolve/build/index.js:949:31)\n    at Runtime._shouldMockCjs (/Users/szymonpaczos/OpenOurGov/frontend/node_modules/jest-runtime/build/index.js:1486:37)\n    at Runtime.requireModuleOrMock (/Users/szymonpaczos/OpenOurGov/frontend/node_modules/jest-runtime/build/index.js:961:16)\n    at Object.require (/Users/szymonpaczos/OpenOurGov/frontend/lib/__tests__/dataLoaders.test.ts:49:31)\n    at Promise.finally.completed (/Users/szymonpaczos/OpenOurGov/frontend/node_modules/jest-circus/build/jestAdapterInit.js:1557:28)\n    at new Promise (<anonymous>)\n    at callAsyncCircusFn (/Users/szymonpaczos/OpenOurGov/frontend/node_modules/jest-circus/build/jestAdapterInit.js:1497:10)\n    at _callCircusTest (/Users/szymonpaczos/OpenOurGov/frontend/node_modules/jest-circus/build/jestAdapterInit.js:1007:40)\n    at processTicksAndRejections (node:internal/process/task_queues:103:5)\n    at _runTest (/Users/szymonpaczos/OpenOurGov/frontend/node_modules/jest-circus/build/jestAdapterInit.js:947:3)\n    at /Users/szymonpaczos/OpenOurGov/frontend/node_modules/jest-circus/build/jestAdapterInit.js:849:7\n    at _runTestsForDescribeBlock (/Users/szymonpaczos/OpenOurGov/frontend/node_modules/jest-circus/build/jestAdapterInit.js:862:11)\n    at _runTestsForDescribeBlock (/Users/szymonpaczos/OpenOurGov/frontend/node_modules/jest-circus/build/jestAdapterInit.js:857:11)\n    at _runTestsForDescribeBlock (/Users/szymonpaczos/OpenOurGov/frontend/node_modules/jest-circus/build/jestAdapterInit.js:857:11)\n    at run (/Users/szymonpaczos/OpenOurGov/frontend/node_modules/jest-circus/build/jestAdapterInit.js:761:3)\n    at runAndTransformResultsToJestFormat (/Users/szymonpaczos/OpenOurGov/frontend/node_modules/jest-circus/build/jestAdapterInit.js:1918:21)\n    at jestAdapter (/Users/szymonpaczos/OpenOurGov/frontend/node_modules/jest-circus/build/runner.js:101:19)\n    at runTestInternal (/Users/szymonpaczos/OpenOurGov/frontend/node_modules/jest-runner/build/testWorker.js:275:16)\n    at runTest (/Users/szymonpaczos/OpenOurGov/frontend/node_modules/jest-runner/build/testWorker.js:343:7)\n    at Object.worker (/Users/szymonpaczos/OpenOurGov/frontend/node_modules/jest-runner/build/testWorker.js:497:12)"],"fullName":"Data Loaders getMPs / getMP getMP returns MP when found","invocations":1,"location":null,"numPassingAsserts":0,"retryReasons":[],"startAt":1774967293697,"status":"failed","title":"getMP returns MP when found"},{"ancestorTitles":["Data Loaders","getMPs / getMP"],"duration":2,"failing":false,"failureDetails":[{"code":"MODULE_NOT_FOUND","hint":"","siblingWithSimilarExtensionFound":false,"moduleName":"@/lib/mps","_originalMessage":"Cannot find module '@/lib/mps' from 'lib/__tests__/dataLoaders.test.ts'"}],"failureMessages":["Error: Cannot find module '@/lib/mps' from 'lib/__tests__/dataLoaders.test.ts'\n    at Resolver._throwModNotFoundError (/Users/szymonpaczos/OpenOurGov/frontend/node_modules/jest-resolve/build/index.js:863:11)\n    at Resolver.resolveModule (/Users/szymonpaczos/OpenOurGov/frontend/node_modules/jest-resolve/build/index.js:810:10)\n    at Resolver._getVirtualMockPath (/Users/szymonpaczos/OpenOurGov/frontend/node_modules/jest-resolve/build/index.js:1004:84)\n    at Resolver._getAbsolutePath (/Users/szymonpaczos/OpenOurGov/frontend/node_modules/jest-resolve/build/index.js:984:98)\n    at Resolver.getModuleID (/Users/szymonpaczos/OpenOurGov/frontend/node_modules/jest-resolve/build/index.js:949:31)\n    at Runtime._shouldMockCjs (/Users/szymonpaczos/OpenOurGov/frontend/node_modules/jest-runtime/build/index.js:1486:37)\n    at Runtime.requireModuleOrMock (/Users/szymonpaczos/OpenOurGov/frontend/node_modules/jest-runtime/build/index.js:961:16)\n    at Object.require (/Users/szymonpaczos/OpenOurGov/frontend/lib/__tests__/dataLoaders.test.ts:63:31)\n    at Promise.finally.completed (/Users/szymonpaczos/OpenOurGov/frontend/node_modules/jest-circus/build/jestAdapterInit.js:1557:28)\n    at new Promise (<anonymous>)\n    at callAsyncCircusFn (/Users/szymonpaczos/OpenOurGov/frontend/node_modules/jest-circus/build/jestAdapterInit.js:1497:10)\n    at _callCircusTest (/Users/szymonpaczos/OpenOurGov/frontend/node_modules/jest-circus/build/jestAdapterInit.js:1007:40)\n    at processTicksAndRejections (node:internal/process/task_queues:103:5)\n    at _runTest (/Users/szymonpaczos/OpenOurGov/frontend/node_modules/jest-circus/build/jestAdapterInit.js:947:3)\n    at /Users/szymonpaczos/OpenOurGov/frontend/node_modules/jest-circus/build/jestAdapterInit.js:849:7\n    at _runTestsForDescribeBlock (/Users/szymonpaczos/OpenOurGov/frontend/node_modules/jest-circus/build/jestAdapterInit.js:862:11)\n    at _runTestsForDescribeBlock (/Users/szymonpaczos/OpenOurGov/frontend/node_modules/jest-circus/build/jestAdapterInit.js:857:11)\n    at _runTestsForDescribeBlock (/Users/szymonpaczos/OpenOurGov/frontend/node_modules/jest-circus/build/jestAdapterInit.js:857:11)\n    at run (/Users/szymonpaczos/OpenOurGov/frontend/node_modules/jest-circus/build/jestAdapterInit.js:761:3)\n    at runAndTransformResultsToJestFormat (/Users/szymonpaczos/OpenOurGov/frontend/node_modules/jest-circus/build/jestAdapterInit.js:1918:21)\n    at jestAdapter (/Users/szymonpaczos/OpenOurGov/frontend/node_modules/jest-circus/build/runner.js:101:19)\n    at runTestInternal (/Users/szymonpaczos/OpenOurGov/frontend/node_modules/jest-runner/build/testWorker.js:275:16)\n    at runTest (/Users/szymonpaczos/OpenOurGov/frontend/node_modules/jest-runner/build/testWorker.js:343:7)\n    at Object.worker (/Users/szymonpaczos/OpenOurGov/frontend/node_modules/jest-runner/build/testWorker.js:497:12)"],"fullName":"Data Loaders getMPs / getMP getMP returns undefined when not found","invocations":1,"location":null,"numPassingAsserts":0,"retryReasons":[],"startAt":1774967293698,"status":"failed","title":"getMP returns undefined when not found"},{"ancestorTitles":["Data Loaders","getSenators"],"duration":1,"failing":false,"failureDetails":[{"code":"MODULE_NOT_FOUND","hint":"","siblingWithSimilarExtensionFound":false,"moduleName":"@/lib/senators","_originalMessage":"Cannot find module '@/lib/senators' from 'lib/__tests__/dataLoaders.test.ts'"}],"failureMessages":["Error: Cannot find module '@/lib/senators' from 'lib/__tests__/dataLoaders.test.ts'\n    at Resolver._throwModNotFoundError (/Users/szymonpaczos/OpenOurGov/frontend/node_modules/jest-resolve/build/index.js:863:11)\n    at Resolver.resolveModule (/Users/szymonpaczos/OpenOurGov/frontend/node_modules/jest-resolve/build/index.js:810:10)\n    at Resolver._getVirtualMockPath (/Users/szymonpaczos/OpenOurGov/frontend/node_modules/jest-resolve/build/index.js:1004:84)\n    at Resolver._getAbsolutePath (/Users/szymonpaczos/OpenOurGov/frontend/node_modules/jest-resolve/build/index.js:984:98)\n    at Resolver.getModuleID (/Users/szymonpaczos/OpenOurGov/frontend/node_modules/jest-resolve/build/index.js:949:31)\n    at Runtime._shouldMockCjs (/Users/szymonpaczos/OpenOurGov/frontend/node_modules/jest-runtime/build/index.js:1486:37)\n    at Runtime.requireModuleOrMock (/Users/szymonpaczos/OpenOurGov/frontend/node_modules/jest-runtime/build/index.js:961:16)\n    at Object.require (/Users/szymonpaczos/OpenOurGov/frontend/lib/__tests__/dataLoaders.test.ts:75:37)\n    at Promise.finally.completed (/Users/szymonpaczos/OpenOurGov/frontend/node_modules/jest-circus/build/jestAdapterInit.js:1557:28)\n    at new Promise (<anonymous>)\n    at callAsyncCircusFn (/Users/szymonpaczos/OpenOurGov/frontend/node_modules/jest-circus/build/jestAdapterInit.js:1497:10)\n    at _callCircusTest (/Users/szymonpaczos/OpenOurGov/frontend/node_modules/jest-circus/build/jestAdapterInit.js:1007:40)\n    at processTicksAndRejections (node:internal/process/task_queues:103:5)\n    at _runTest (/Users/szymonpaczos/OpenOurGov/frontend/node_modules/jest-circus/build/jestAdapterInit.js:947:3)\n    at /Users/szymonpaczos/OpenOurGov/frontend/node_modules/jest-circus/build/jestAdapterInit.js:849:7\n    at _runTestsForDescribeBlock (/Users/szymonpaczos/OpenOurGov/frontend/node_modules/jest-circus/build/jestAdapterInit.js:862:11)\n    at _runTestsForDescribeBlock (/Users/szymonpaczos/OpenOurGov/frontend/node_modules/jest-circus/build/jestAdapterInit.js:857:11)\n    at _runTestsForDescribeBlock (/Users/szymonpaczos/OpenOurGov/frontend/node_modules/jest-circus/build/jestAdapterInit.js:857:11)\n    at run (/Users/szymonpaczos/OpenOurGov/frontend/node_modules/jest-circus/build/jestAdapterInit.js:761:3)\n    at runAndTransformResultsToJestFormat (/Users/szymonpaczos/OpenOurGov/frontend/node_modules/jest-circus/build/jestAdapterInit.js:1918:21)\n    at jestAdapter (/Users/szymonpaczos/OpenOurGov/frontend/node_modules/jest-circus/build/runner.js:101:19)\n    at runTestInternal (/Users/szymonpaczos/OpenOurGov/frontend/node_modules/jest-runner/build/testWorker.js:275:16)\n    at runTest (/Users/szymonpaczos/OpenOurGov/frontend/node_modules/jest-runner/build/testWorker.js:343:7)\n    at Object.worker (/Users/szymonpaczos/OpenOurGov/frontend/node_modules/jest-runner/build/testWorker.js:497:12)"],"fullName":"Data Loaders getSenators returns senators when file exists","invocations":1,"location":null,"numPassingAsserts":0,"retryReasons":[],"startAt":1774967293700,"status":"failed","title":"returns senators when file exists"},{"ancestorTitles":["Data Loaders","getSenators"],"duration":2,"failing":false,"failureDetails":[{"code":"MODULE_NOT_FOUND","hint":"","siblingWithSimilarExtensionFound":false,"moduleName":"@/lib/senators","_originalMessage":"Cannot find module '@/lib/senators' from 'lib/__tests__/dataLoaders.test.ts'"}],"failureMessages":["Error: Cannot find module '@/lib/senators' from 'lib/__tests__/dataLoaders.test.ts'\n    at Resolver._throwModNotFoundError (/Users/szymonpaczos/OpenOurGov/frontend/node_modules/jest-resolve/build/index.js:863:11)\n    at Resolver.resolveModule (/Users/szymonpaczos/OpenOurGov/frontend/node_modules/jest-resolve/build/index.js:810:10)\n    at Resolver._getVirtualMockPath (/Users/szymonpaczos/OpenOurGov/frontend/node_modules/jest-resolve/build/index.js:1004:84)\n    at Resolver._getAbsolutePath (/Users/szymonpaczos/OpenOurGov/frontend/node_modules/jest-resolve/build/index.js:984:98)\n    at Resolver.getModuleID (/Users/szymonpaczos/OpenOurGov/frontend/node_modules/jest-resolve/build/index.js:949:31)\n    at Runtime._shouldMockCjs (/Users/szymonpaczos/OpenOurGov/frontend/node_modules/jest-runtime/build/index.js:1486:37)\n    at Runtime.requireModuleOrMock (/Users/szymonpaczos/OpenOurGov/frontend/node_modules/jest-runtime/build/index.js:961:16)\n    at Object.require (/Users/szymonpaczos/OpenOurGov/frontend/lib/__tests__/dataLoaders.test.ts:88:37)\n    at Promise.finally.completed (/Users/szymonpaczos/OpenOurGov/frontend/node_modules/jest-circus/build/jestAdapterInit.js:1557:28)\n    at new Promise (<anonymous>)\n    at callAsyncCircusFn (/Users/szymonpaczos/OpenOurGov/frontend/node_modules/jest-circus/build/jestAdapterInit.js:1497:10)\n    at _callCircusTest (/Users/szymonpaczos/OpenOurGov/frontend/node_modules/jest-circus/build/jestAdapterInit.js:1007:40)\n    at processTicksAndRejections (node:internal/process/task_queues:103:5)\n    at _runTest (/Users/szymonpaczos/OpenOurGov/frontend/node_modules/jest-circus/build/jestAdapterInit.js:947:3)\n    at /Users/szymonpaczos/OpenOurGov/frontend/node_modules/jest-circus/build/jestAdapterInit.js:849:7\n    at _runTestsForDescribeBlock (/Users/szymonpaczos/OpenOurGov/frontend/node_modules/jest-circus/build/jestAdapterInit.js:862:11)\n    at _runTestsForDescribeBlock (/Users/szymonpaczos/OpenOurGov/frontend/node_modules/jest-circus/build/jestAdapterInit.js:857:11)\n    at _runTestsForDescribeBlock (/Users/szymonpaczos/OpenOurGov/frontend/node_modules/jest-circus/build/jestAdapterInit.js:857:11)\n    at run (/Users/szymonpaczos/OpenOurGov/frontend/node_modules/jest-circus/build/jestAdapterInit.js:761:3)\n    at runAndTransformResultsToJestFormat (/Users/szymonpaczos/OpenOurGov/frontend/node_modules/jest-circus/build/jestAdapterInit.js:1918:21)\n    at jestAdapter (/Users/szymonpaczos/OpenOurGov/frontend/node_modules/jest-circus/build/runner.js:101:19)\n    at runTestInternal (/Users/szymonpaczos/OpenOurGov/frontend/node_modules/jest-runner/build/testWorker.js:275:16)\n    at runTest (/Users/szymonpaczos/OpenOurGov/frontend/node_modules/jest-runner/build/testWorker.js:343:7)\n    at Object.worker (/Users/szymonpaczos/OpenOurGov/frontend/node_modules/jest-runner/build/testWorker.js:497:12)"],"fullName":"Data Loaders getSenators returns empty array when file missing","invocations":1,"location":null,"numPassingAsserts":0,"retryReasons":[],"startAt":1774967293702,"status":"failed","title":"returns empty array when file missing"},{"ancestorTitles":["Data Loaders","getRclProjects"],"duration":2,"failing":false,"failureDetails":[{"code":"MODULE_NOT_FOUND","hint":"","siblingWithSimilarExtensionFound":false,"moduleName":"@/lib/rcl","_originalMessage":"Cannot find module '@/lib/rcl' from 'lib/__tests__/dataLoaders.test.ts'"}],"failureMessages":["Error: Cannot find module '@/lib/rcl' from 'lib/__tests__/dataLoaders.test.ts'\n    at Resolver._throwModNotFoundError (/Users/szymonpaczos/OpenOurGov/frontend/node_modules/jest-resolve/build/index.js:863:11)\n    at Resolver.resolveModule (/Users/szymonpaczos/OpenOurGov/frontend/node_modules/jest-resolve/build/index.js:810:10)\n    at Resolver._getVirtualMockPath (/Users/szymonpaczos/OpenOurGov/frontend/node_modules/jest-resolve/build/index.js:1004:84)\n    at Resolver._getAbsolutePath (/Users/szymonpaczos/OpenOurGov/frontend/node_modules/jest-resolve/build/index.js:984:98)\n    at Resolver.getModuleID (/Users/szymonpaczos/OpenOurGov/frontend/node_modules/jest-resolve/build/index.js:949:31)\n    at Runtime._shouldMockCjs (/Users/szymonpaczos/OpenOurGov/frontend/node_modules/jest-runtime/build/index.js:1486:37)\n    at Runtime.requireModuleOrMock (/Users/szymonpaczos/OpenOurGov/frontend/node_modules/jest-runtime/build/index.js:961:16)\n    at Object.require (/Users/szymonpaczos/OpenOurGov/frontend/lib/__tests__/dataLoaders.test.ts:99:40)\n    at Promise.finally.completed (/Users/szymonpaczos/OpenOurGov/frontend/node_modules/jest-circus/build/jestAdapterInit.js:1557:28)\n    at new Promise (<anonymous>)\n    at callAsyncCircusFn (/Users/szymonpaczos/OpenOurGov/frontend/node_modules/jest-circus/build/jestAdapterInit.js:1497:10)\n    at _callCircusTest (/Users/szymonpaczos/OpenOurGov/frontend/node_modules/jest-circus/build/jestAdapterInit.js:1007:40)\n    at processTicksAndRejections (node:internal/process/task_queues:103:5)\n    at _runTest (/Users/szymonpaczos/OpenOurGov/frontend/node_modules/jest-circus/build/jestAdapterInit.js:947:3)\n    at /Users/szymonpaczos/OpenOurGov/frontend/node_modules/jest-circus/build/jestAdapterInit.js:849:7\n    at _runTestsForDescribeBlock (/Users/szymonpaczos/OpenOurGov/frontend/node_modules/jest-circus/build/jestAdapterInit.js:862:11)\n    at _runTestsForDescribeBlock (/Users/szymonpaczos/OpenOurGov/frontend/node_modules/jest-circus/build/jestAdapterInit.js:857:11)\n    at _runTestsForDescribeBlock (/Users/szymonpaczos/OpenOurGov/frontend/node_modules/jest-circus/build/jestAdapterInit.js:857:11)\n    at run (/Users/szymonpaczos/OpenOurGov/frontend/node_modules/jest-circus/build/jestAdapterInit.js:761:3)\n    at runAndTransformResultsToJestFormat (/Users/szymonpaczos/OpenOurGov/frontend/node_modules/jest-circus/build/jestAdapterInit.js:1918:21)\n    at jestAdapter (/Users/szymonpaczos/OpenOurGov/frontend/node_modules/jest-circus/build/runner.js:101:19)\n    at runTestInternal (/Users/szymonpaczos/OpenOurGov/frontend/node_modules/jest-runner/build/testWorker.js:275:16)\n    at runTest (/Users/szymonpaczos/OpenOurGov/frontend/node_modules/jest-runner/build/testWorker.js:343:7)\n    at Object.worker (/Users/szymonpaczos/OpenOurGov/frontend/node_modules/jest-runner/build/testWorker.js:497:12)"],"fullName":"Data Loaders getRclProjects returns projects when file exists","invocations":1,"location":null,"numPassingAsserts":0,"retryReasons":[],"startAt":1774967293704,"status":"failed","title":"returns projects when file exists"},{"ancestorTitles":["Data Loaders","getVotesForMP"],"duration":1,"failing":false,"failureDetails":[{"code":"MODULE_NOT_FOUND","hint":"","siblingWithSimilarExtensionFound":false,"moduleName":"@/lib/votes","_originalMessage":"Cannot find module '@/lib/votes' from 'lib/__tests__/dataLoaders.test.ts'"}],"failureMessages":["Error: Cannot find module '@/lib/votes' from 'lib/__tests__/dataLoaders.test.ts'\n    at Resolver._throwModNotFoundError (/Users/szymonpaczos/OpenOurGov/frontend/node_modules/jest-resolve/build/index.js:863:11)\n    at Resolver.resolveModule (/Users/szymonpaczos/OpenOurGov/frontend/node_modules/jest-resolve/build/index.js:810:10)\n    at Resolver._getVirtualMockPath (/Users/szymonpaczos/OpenOurGov/frontend/node_modules/jest-resolve/build/index.js:1004:84)\n    at Resolver._getAbsolutePath (/Users/szymonpaczos/OpenOurGov/frontend/node_modules/jest-resolve/build/index.js:984:98)\n    at Resolver.getModuleID (/Users/szymonpaczos/OpenOurGov/frontend/node_modules/jest-resolve/build/index.js:949:31)\n    at Runtime._shouldMockCjs (/Users/szymonpaczos/OpenOurGov/frontend/node_modules/jest-runtime/build/index.js:1486:37)\n    at Runtime.requireModuleOrMock (/Users/szymonpaczos/OpenOurGov/frontend/node_modules/jest-runtime/build/index.js:961:16)\n    at Object.require (/Users/szymonpaczos/OpenOurGov/frontend/lib/__tests__/dataLoaders.test.ts:114:39)\n    at Promise.finally.completed (/Users/szymonpaczos/OpenOurGov/frontend/node_modules/jest-circus/build/jestAdapterInit.js:1557:28)\n    at new Promise (<anonymous>)\n    at callAsyncCircusFn (/Users/szymonpaczos/OpenOurGov/frontend/node_modules/jest-circus/build/jestAdapterInit.js:1497:10)\n    at _callCircusTest (/Users/szymonpaczos/OpenOurGov/frontend/node_modules/jest-circus/build/jestAdapterInit.js:1007:40)\n    at processTicksAndRejections (node:internal/process/task_queues:103:5)\n    at _runTest (/Users/szymonpaczos/OpenOurGov/frontend/node_modules/jest-circus/build/jestAdapterInit.js:947:3)\n    at /Users/szymonpaczos/OpenOurGov/frontend/node_modules/jest-circus/build/jestAdapterInit.js:849:7\n    at _runTestsForDescribeBlock (/Users/szymonpaczos/OpenOurGov/frontend/node_modules/jest-circus/build/jestAdapterInit.js:862:11)\n    at _runTestsForDescribeBlock (/Users/szymonpaczos/OpenOurGov/frontend/node_modules/jest-circus/build/jestAdapterInit.js:857:11)\n    at _runTestsForDescribeBlock (/Users/szymonpaczos/OpenOurGov/frontend/node_modules/jest-circus/build/jestAdapterInit.js:857:11)\n    at run (/Users/szymonpaczos/OpenOurGov/frontend/node_modules/jest-circus/build/jestAdapterInit.js:761:3)\n    at runAndTransformResultsToJestFormat (/Users/szymonpaczos/OpenOurGov/frontend/node_modules/jest-circus/build/jestAdapterInit.js:1918:21)\n    at jestAdapter (/Users/szymonpaczos/OpenOurGov/frontend/node_modules/jest-circus/build/runner.js:101:19)\n    at runTestInternal (/Users/szymonpaczos/OpenOurGov/frontend/node_modules/jest-runner/build/testWorker.js:275:16)\n    at runTest (/Users/szymonpaczos/OpenOurGov/frontend/node_modules/jest-runner/build/testWorker.js:343:7)\n    at Object.worker (/Users/szymonpaczos/OpenOurGov/frontend/node_modules/jest-runner/build/testWorker.js:497:12)"],"fullName":"Data Loaders getVotesForMP returns empty array when file does not exist","invocations":1,"location":null,"numPassingAsserts":0,"retryReasons":[],"startAt":1774967293706,"status":"failed","title":"returns empty array when file does not exist"},{"ancestorTitles":["Data Loaders","getVotesForMP"],"duration":1,"failing":false,"failureDetails":[{"code":"MODULE_NOT_FOUND","hint":"","siblingWithSimilarExtensionFound":false,"moduleName":"@/lib/votes","_originalMessage":"Cannot find module '@/lib/votes' from 'lib/__tests__/dataLoaders.test.ts'"}],"failureMessages":["Error: Cannot find module '@/lib/votes' from 'lib/__tests__/dataLoaders.test.ts'\n    at Resolver._throwModNotFoundError (/Users/szymonpaczos/OpenOurGov/frontend/node_modules/jest-resolve/build/index.js:863:11)\n    at Resolver.resolveModule (/Users/szymonpaczos/OpenOurGov/frontend/node_modules/jest-resolve/build/index.js:810:10)\n    at Resolver._getVirtualMockPath (/Users/szymonpaczos/OpenOurGov/frontend/node_modules/jest-resolve/build/index.js:1004:84)\n    at Resolver._getAbsolutePath (/Users/szymonpaczos/OpenOurGov/frontend/node_modules/jest-resolve/build/index.js:984:98)\n    at Resolver.getModuleID (/Users/szymonpaczos/OpenOurGov/frontend/node_modules/jest-resolve/build/index.js:949:31)\n    at Runtime._shouldMockCjs (/Users/szymonpaczos/OpenOurGov/frontend/node_modules/jest-runtime/build/index.js:1486:37)\n    at Runtime.requireModuleOrMock (/Users/szymonpaczos/OpenOurGov/frontend/node_modules/jest-runtime/build/index.js:961:16)\n    at Object.require (/Users/szymonpaczos/OpenOurGov/frontend/lib/__tests__/dataLoaders.test.ts:122:39)\n    at Promise.finally.completed (/Users/szymonpaczos/OpenOurGov/frontend/node_modules/jest-circus/build/jestAdapterInit.js:1557:28)\n    at new Promise (<anonymous>)\n    at callAsyncCircusFn (/Users/szymonpaczos/OpenOurGov/frontend/node_modules/jest-circus/build/jestAdapterInit.js:1497:10)\n    at _callCircusTest (/Users/szymonpaczos/OpenOurGov/frontend/node_modules/jest-circus/build/jestAdapterInit.js:1007:40)\n    at processTicksAndRejections (node:internal/process/task_queues:103:5)\n    at _runTest (/Users/szymonpaczos/OpenOurGov/frontend/node_modules/jest-circus/build/jestAdapterInit.js:947:3)\n    at /Users/szymonpaczos/OpenOurGov/frontend/node_modules/jest-circus/build/jestAdapterInit.js:849:7\n    at _runTestsForDescribeBlock (/Users/szymonpaczos/OpenOurGov/frontend/node_modules/jest-circus/build/jestAdapterInit.js:862:11)\n    at _runTestsForDescribeBlock (/Users/szymonpaczos/OpenOurGov/frontend/node_modules/jest-circus/build/jestAdapterInit.js:857:11)\n    at _runTestsForDescribeBlock (/Users/szymonpaczos/OpenOurGov/frontend/node_modules/jest-circus/build/jestAdapterInit.js:857:11)\n    at run (/Users/szymonpaczos/OpenOurGov/frontend/node_modules/jest-circus/build/jestAdapterInit.js:761:3)\n    at runAndTransformResultsToJestFormat (/Users/szymonpaczos/OpenOurGov/frontend/node_modules/jest-circus/build/jestAdapterInit.js:1918:21)\n    at jestAdapter (/Users/szymonpaczos/OpenOurGov/frontend/node_modules/jest-circus/build/runner.js:101:19)\n    at runTestInternal (/Users/szymonpaczos/OpenOurGov/frontend/node_modules/jest-runner/build/testWorker.js:275:16)\n    at runTest (/Users/szymonpaczos/OpenOurGov/frontend/node_modules/jest-runner/build/testWorker.js:343:7)\n    at Object.worker (/Users/szymonpaczos/OpenOurGov/frontend/node_modules/jest-runner/build/testWorker.js:497:12)"],"fullName":"Data Loaders getVotesForMP returns votes when file exists","invocations":1,"location":null,"numPassingAsserts":0,"retryReasons":[],"startAt":1774967293707,"status":"failed","title":"returns votes when file exists"},{"ancestorTitles":["Data Loaders","stats functions"],"duration":7,"failing":false,"failureDetails":[{"code":"MODULE_NOT_FOUND","moduleName":"@/lib/mps","_originalMessage":"Cannot find module '@/lib/mps' from 'lib/__tests__/dataLoaders.test.ts'"}],"failureMessages":["Error: Cannot find module '@/lib/mps' from 'lib/__tests__/dataLoaders.test.ts'\n    at Resolver._throwModNotFoundError (/Users/szymonpaczos/OpenOurGov/frontend/node_modules/jest-resolve/build/index.js:863:11)\n    at Resolver.resolveModule (/Users/szymonpaczos/OpenOurGov/frontend/node_modules/jest-resolve/build/index.js:810:10)\n    at Resolver._getVirtualMockPath (/Users/szymonpaczos/OpenOurGov/frontend/node_modules/jest-resolve/build/index.js:1004:84)\n    at Resolver._getAbsolutePath (/Users/szymonpaczos/OpenOurGov/frontend/node_modules/jest-resolve/build/index.js:984:98)\n    at Resolver.getModuleID (/Users/szymonpaczos/OpenOurGov/frontend/node_modules/jest-resolve/build/index.js:949:31)\n    at Runtime.setMock (/Users/szymonpaczos/OpenOurGov/frontend/node_modules/jest-runtime/build/index.js:1083:37)\n    at setMockFactory (/Users/szymonpaczos/OpenOurGov/frontend/node_modules/jest-runtime/build/index.js:1650:12)\n    at Object.mock (/Users/szymonpaczos/OpenOurGov/frontend/node_modules/jest-runtime/build/index.js:1637:16)\n    at Object.doMock (/Users/szymonpaczos/OpenOurGov/frontend/lib/__tests__/dataLoaders.test.ts:143:18)\n    at Promise.finally.completed (/Users/szymonpaczos/OpenOurGov/frontend/node_modules/jest-circus/build/jestAdapterInit.js:1557:28)\n    at new Promise (<anonymous>)\n    at callAsyncCircusFn (/Users/szymonpaczos/OpenOurGov/frontend/node_modules/jest-circus/build/jestAdapterInit.js:1497:10)\n    at _callCircusTest (/Users/szymonpaczos/OpenOurGov/frontend/node_modules/jest-circus/build/jestAdapterInit.js:1007:40)\n    at processTicksAndRejections (node:internal/process/task_queues:103:5)\n    at _runTest (/Users/szymonpaczos/OpenOurGov/frontend/node_modules/jest-circus/build/jestAdapterInit.js:947:3)\n    at /Users/szymonpaczos/OpenOurGov/frontend/node_modules/jest-circus/build/jestAdapterInit.js:849:7\n    at _runTestsForDescribeBlock (/Users/szymonpaczos/OpenOurGov/frontend/node_modules/jest-circus/build/jestAdapterInit.js:862:11)\n    at _runTestsForDescribeBlock (/Users/szymonpaczos/OpenOurGov/frontend/node_modules/jest-circus/build/jestAdapterInit.js:857:11)\n    at _runTestsForDescribeBlock (/Users/szymonpaczos/OpenOurGov/frontend/node_modules/jest-circus/build/jestAdapterInit.js:857:11)\n    at run (/Users/szymonpaczos/OpenOurGov/frontend/node_modules/jest-circus/build/jestAdapterInit.js:761:3)\n    at runAndTransformResultsToJestFormat (/Users/szymonpaczos/OpenOurGov/frontend/node_modules/jest-circus/build/jestAdapterInit.js:1918:21)\n    at jestAdapter (/Users/szymonpaczos/OpenOurGov/frontend/node_modules/jest-circus/build/runner.js:101:19)\n    at runTestInternal (/Users/szymonpaczos/OpenOurGov/frontend/node_modules/jest-runner/build/testWorker.js:275:16)\n    at runTest (/Users/szymonpaczos/OpenOurGov/frontend/node_modules/jest-runner/build/testWorker.js:343:7)\n    at Object.worker (/Users/szymonpaczos/OpenOurGov/frontend/node_modules/jest-runner/build/testWorker.js:497:12)"],"fullName":"Data Loaders stats functions getParliamentStats sums MPs + Senators","invocations":1,"location":null,"numPassingAsserts":0,"retryReasons":[],"startAt":1774967293709,"status":"failed","title":"getParliamentStats sums MPs + Senators"}],"endTime":1774967293817,"message":"  ● Data Loaders › getBills › returns bills array when file exists\n\n    Cannot find module '@/lib/bills' from 'lib/__tests__/dataLoaders.test.ts'\n\n      19 |     describe('getBills', () => {\n      20 |         it('returns bills array when file exists', async () => {\n    > 21 |             const { getBills } = require('@/lib/bills');\n         |                                  ^\n      22 |             const mockData = [\n      23 |                 { id: '1', title: 'Ustawa A', stages: [{ stageName: 'I Czytanie', date: '2026-01-01' }] },\n      24 |                 { id: '2', title: 'Ustawa B' },\n\n      at Resolver._throwModNotFoundError (node_modules/jest-resolve/build/index.js:863:11)\n      at Object.require (lib/__tests__/dataLoaders.test.ts:21:34)\n\n  ● Data Loaders › getBills › returns empty array when file does not exist\n\n    Cannot find module '@/lib/bills' from 'lib/__tests__/dataLoaders.test.ts'\n\n      36 |         // 22. getBills — file does not exist\n      37 |         it('returns empty array when file does not exist', async () => {\n    > 38 |             const { getBills } = require('@/lib/bills');\n         |                                  ^\n      39 |             mockFs.existsSync.mockReturnValue(false);\n      40 |\n      41 |             const result = await getBills();\n\n      at Resolver._throwModNotFoundError (node_modules/jest-resolve/build/index.js:863:11)\n      at Object.require (lib/__tests__/dataLoaders.test.ts:38:34)\n\n  ● Data Loaders › getMPs / getMP › getMP returns MP when found\n\n    Cannot find module '@/lib/mps' from 'lib/__tests__/dataLoaders.test.ts'\n\n      47 |     describe('getMPs / getMP', () => {\n      48 |         it('getMP returns MP when found', async () => {\n    > 49 |             const { getMP } = require('@/lib/mps');\n         |                               ^\n      50 |             const mockData = [\n      51 |                 { id: '123', name: 'Jan Kowalski', club: 'KO', district: 'Warszawa', email: '', active: true, photoUrl: '' },\n      52 |             ];\n\n      at Resolver._throwModNotFoundError (node_modules/jest-resolve/build/index.js:863:11)\n      at Object.require (lib/__tests__/dataLoaders.test.ts:49:31)\n\n  ● Data Loaders › getMPs / getMP › getMP returns undefined when not found\n\n    Cannot find module '@/lib/mps' from 'lib/__tests__/dataLoaders.test.ts'\n\n      61 |         // 24. getMP not found\n      62 |         it('getMP returns undefined when not found', async () => {\n    > 63 |             const { getMP } = require('@/lib/mps');\n         |                               ^\n      64 |             mockFs.existsSync.mockReturnValue(true);\n      65 |             mockFs.readFileSync.mockReturnValue(JSON.stringify([{ id: '1', name: 'A' }]));\n      66 |\n\n      at Resolver._throwModNotFoundError (node_modules/jest-resolve/build/index.js:863:11)\n      at Object.require (lib/__tests__/dataLoaders.test.ts:63:31)\n\n  ● Data Loaders › getSenators › returns senators when file exists\n\n    Cannot find module '@/lib/senators' from 'lib/__tests__/dataLoaders.test.ts'\n\n      73 |     describe('getSenators', () => {\n      74 |         it('returns senators when file exists', async () => {\n    > 75 |             const { getSenators } = require('@/lib/senators');\n         |                                     ^\n      76 |             const mockData = [\n      77 |                 { id: '1', name: 'Senator A', party: 'KO', club: 'KO', district: 'Wrocław', type: 'Senator' },\n      78 |             ];\n\n      at Resolver._throwModNotFoundError (node_modules/jest-resolve/build/index.js:863:11)\n      at Object.require (lib/__tests__/dataLoaders.test.ts:75:37)\n\n  ● Data Loaders › getSenators › returns empty array when file missing\n\n    Cannot find module '@/lib/senators' from 'lib/__tests__/dataLoaders.test.ts'\n\n      86 |\n      87 |         it('returns empty array when file missing', async () => {\n    > 88 |             const { getSenators } = require('@/lib/senators');\n         |                                     ^\n      89 |             mockFs.existsSync.mockReturnValue(false);\n      90 |\n      91 |             const result = await getSenators();\n\n      at Resolver._throwModNotFoundError (node_modules/jest-resolve/build/index.js:863:11)\n      at Object.require (lib/__tests__/dataLoaders.test.ts:88:37)\n\n  ● Data Loaders › getRclProjects › returns projects when file exists\n\n    Cannot find module '@/lib/rcl' from 'lib/__tests__/dataLoaders.test.ts'\n\n       97 |     describe('getRclProjects', () => {\n       98 |         it('returns projects when file exists', async () => {\n    >  99 |             const { getRclProjects } = require('@/lib/rcl');\n          |                                        ^\n      100 |             const mockData = [\n      101 |                 { id: 'UD1', title: 'Projekt A', url: '', applicant: 'MF', number: 'UD1', date: '2026-01-01' },\n      102 |             ];\n\n      at Resolver._throwModNotFoundError (node_modules/jest-resolve/build/index.js:863:11)\n      at Object.require (lib/__tests__/dataLoaders.test.ts:99:40)\n\n  ● Data Loaders › getVotesForMP › returns empty array when file does not exist\n\n    Cannot find module '@/lib/votes' from 'lib/__tests__/dataLoaders.test.ts'\n\n      112 |     describe('getVotesForMP', () => {\n      113 |         it('returns empty array when file does not exist', async () => {\n    > 114 |             const { getVotesForMP } = require('@/lib/votes');\n          |                                       ^\n      115 |             mockFs.existsSync.mockReturnValue(false);\n      116 |\n      117 |             const result = await getVotesForMP(1);\n\n      at Resolver._throwModNotFoundError (node_modules/jest-resolve/build/index.js:863:11)\n      at Object.require (lib/__tests__/dataLoaders.test.ts:114:39)\n\n  ● Data Loaders › getVotesForMP › returns votes when file exists\n\n    Cannot find module '@/lib/votes' from 'lib/__tests__/dataLoaders.test.ts'\n\n      120 |\n      121 |         it('returns votes when file exists', async () => {\n    > 122 |             const { getVotesForMP } = require('@/lib/votes');\n          |                                       ^\n      123 |             const mockVotes = [\n      124 |                 { sitting: 1, votingNumber: 1, date: '2026-01-01', title: 'Vote 1', topic: '', kind: 'ELECTRONIC', vote: 'YES' },\n      125 |             ];\n\n      at Resolver._throwModNotFoundError (node_modules/jest-resolve/build/index.js:863:11)\n      at Object.require (lib/__tests__/dataLoaders.test.ts:122:39)\n\n  ● Data Loaders › stats functions › getParliamentStats sums MPs + Senators\n\n    Cannot find module '@/lib/mps' from 'lib/__tests__/dataLoaders.test.ts'\n\n      141 |         it('getParliamentStats sums MPs + Senators', async () => {\n      142 |             // We mock the underlying modules\n    > 143 |             jest.doMock('@/lib/mps', () => ({\n          |                  ^\n      144 |                 getMPs: jest.fn().mockResolvedValue([{ id: '1' }, { id: '2' }, { id: '3' }]),\n      145 |                 getMP: jest.fn(),\n      146 |                 getParliamentMembers: jest.fn(),\n\n      at Resolver._throwModNotFoundError (node_modules/jest-resolve/build/index.js:863:11)\n      at Object.doMock (lib/__tests__/dataLoaders.test.ts:143:18)\n","name":"/Users/szymonpaczos/OpenOurGov/frontend/lib/__tests__/dataLoaders.test.ts","startTime":1774967292085,"status":"failed","summary":""},{"assertionResults":[{"ancestorTitles":["BillPage"],"duration":14,"failing":false,"failureDetails":[],"failureMessages":[],"fullName":"BillPage defines the component","invocations":1,"location":null,"numPassingAsserts":1,"retryReasons":[],"startAt":1774967293933,"status":"passed","title":"defines the component"}],"endTime":1774967293952,"message":"","name":"/Users/szymonpaczos/OpenOurGov/frontend/__tests__/BillPage.test.tsx","startTime":1774967292077,"status":"passed","summary":""},{"assertionResults":[{"ancestorTitles":["cn() utility"],"duration":8,"failing":false,"failureDetails":[],"failureMessages":[],"fullName":"cn() utility joins multiple class names","invocations":1,"location":null,"numPassingAsserts":1,"retryReasons":[],"startAt":1774967294079,"status":"passed","title":"joins multiple class names"},{"ancestorTitles":["cn() utility"],"duration":4,"failing":false,"failureDetails":[],"failureMessages":[],"fullName":"cn() utility deduplicates conflicting Tailwind classes (last wins)","invocations":1,"location":null,"numPassingAsserts":1,"retryReasons":[],"startAt":1774967294087,"status":"passed","title":"deduplicates conflicting Tailwind classes (last wins)"},{"ancestorTitles":["cn() utility"],"duration":1,"failing":false,"failureDetails":[],"failureMessages":[],"fullName":"cn() utility handles conditional classes","invocations":1,"location":null,"numPassingAsserts":1,"retryReasons":[],"startAt":1774967294091,"status":"passed","title":"handles conditional classes"},{"ancestorTitles":["cn() utility"],"duration":0,"failing":false,"failureDetails":[],"failureMessages":[],"fullName":"cn() utility handles empty inputs","invocations":1,"location":null,"numPassingAsserts":1,"retryReasons":[],"startAt":1774967294092,"status":"passed","title":"handles empty inputs"},{"ancestorTitles":["cn() utility"],"duration":0,"failing":false,"failureDetails":[],"failureMessages":[],"fullName":"cn() utility handles undefined and null","invocations":1,"location":null,"numPassingAsserts":1,"retryReasons":[],"startAt":1774967294092,"status":"passed","title":"handles undefined and null"}],"endTime":1774967294096,"message":"","name":"/Users/szymonpaczos/OpenOurGov/frontend/lib/__tests__/utils.test.ts","startTime":1774967293771,"status":"passed","summary":""},{"assertionResults":[{"ancestorTitles":["constants"],"duration":19,"failing":false,"failureDetails":[],"failureMessages":[],"fullName":"constants KANBAN_STAGES_ORDER contains exactly 10 stages","invocations":1,"location":null,"numPassingAsserts":1,"retryReasons":[],"startAt":1774967294577,"status":"passed","title":"KANBAN_STAGES_ORDER contains exactly 10 stages"},{"ancestorTitles":["constants"],"duration":4,"failing":false,"failureDetails":[],"failureMessages":[],"fullName":"constants first stage is Inicjatywa, last is Wejście w życie","invocations":1,"location":null,"numPassingAsserts":2,"retryReasons":[],"startAt":1774967294597,"status":"passed","title":"first stage is Inicjatywa, last is Wejście w życie"},{"ancestorTitles":["constants"],"duration":2,"failing":false,"failureDetails":[],"failureMessages":[],"fullName":"constants all KANBAN_STAGES values are unique","invocations":1,"location":null,"numPassingAsserts":1,"retryReasons":[],"startAt":1774967294602,"status":"passed","title":"all KANBAN_STAGES values are unique"},{"ancestorTitles":["constants"],"duration":7,"failing":false,"failureDetails":[],"failureMessages":[],"fullName":"constants KANBAN_STAGE_COLORS has an entry for every stage in KANBAN_STAGES_ORDER","invocations":1,"location":null,"numPassingAsserts":20,"retryReasons":[],"startAt":1774967294609,"status":"passed","title":"KANBAN_STAGE_COLORS has an entry for every stage in KANBAN_STAGES_ORDER"}],"endTime":1774967294621,"message":"","name":"/Users/szymonpaczos/OpenOurGov/frontend/lib/__tests__/constants.test.ts","startTime":1774967294112,"status":"passed","summary":""},{"assertionResults":[{"ancestorTitles":["Redux Store"],"duration":22,"failing":false,"failureDetails":[],"failureMessages":[],"fullName":"Redux Store makeStore creates store with bills and search reducers","invocations":1,"location":null,"numPassingAsserts":4,"retryReasons":[],"startAt":1774967294667,"status":"passed","title":"makeStore creates store with bills and search reducers"},{"ancestorTitles":["Redux Store"],"duration":8,"failing":false,"failureDetails":[],"failureMessages":[],"fullName":"Redux Store two store instances do not share state","invocations":1,"location":null,"numPassingAsserts":2,"retryReasons":[],"startAt":1774967294689,"status":"passed","title":"two store instances do not share state"}],"endTime":1774967294703,"message":"","name":"/Users/szymonpaczos/OpenOurGov/frontend/lib/__tests__/store.test.ts","startTime":1774967293922,"status":"passed","summary":""},{"assertionResults":[{"ancestorTitles":["searchSlice"],"duration":10,"failing":false,"failureDetails":[],"failureMessages":[],"fullName":"searchSlice setGlobalSearch sets the search value","invocations":1,"location":null,"numPassingAsserts":1,"retryReasons":[],"startAt":1774967294747,"status":"passed","title":"setGlobalSearch sets the search value"},{"ancestorTitles":["searchSlice"],"duration":1,"failing":false,"failureDetails":[],"failureMessages":[],"fullName":"searchSlice setGlobalSearch with empty string clears search","invocations":1,"location":null,"numPassingAsserts":1,"retryReasons":[],"startAt":1774967294758,"status":"passed","title":"setGlobalSearch with empty string clears search"},{"ancestorTitles":["searchSlice"],"duration":2,"failing":false,"failureDetails":[],"failureMessages":[],"fullName":"searchSlice selectGlobalSearch returns globalSearch from state","invocations":1,"location":null,"numPassingAsserts":1,"retryReasons":[],"startAt":1774967294760,"status":"passed","title":"selectGlobalSearch returns globalSearch from state"},{"ancestorTitles":["searchSlice"],"duration":2,"failing":false,"failureDetails":[],"failureMessages":[],"fullName":"searchSlice selectGlobalSearch returns empty string from initial state","invocations":1,"location":null,"numPassingAsserts":1,"retryReasons":[],"startAt":1774967294762,"status":"passed","title":"selectGlobalSearch returns empty string from initial state"}],"endTime":1774967294766,"message":"","name":"/Users/szymonpaczos/OpenOurGov/frontend/lib/features/search/__tests__/searchSlice.test.ts","startTime":1774967294284,"status":"passed","summary":""},{"assertionResults":[{"ancestorTitles":["ThemeToggle"],"duration":752,"failing":false,"failureDetails":[],"failureMessages":[],"fullName":"ThemeToggle clicking toggles `dark` class on <html>","invocations":1,"location":null,"numPassingAsserts":3,"retryReasons":[],"startAt":1774967294664,"status":"passed","title":"clicking toggles `dark` class on <html>"},{"ancestorTitles":["ThemeToggle"],"duration":44,"failing":false,"failureDetails":[],"failureMessages":[],"fullName":"ThemeToggle does NOT manually set CSS custom properties","invocations":1,"location":null,"numPassingAsserts":1,"retryReasons":[],"startAt":1774967295419,"status":"passed","title":"does NOT manually set CSS custom properties"}],"endTime":1774967295486,"message":"","name":"/Users/szymonpaczos/OpenOurGov/frontend/components/__tests__/ThemeToggle.test.tsx","startTime":1774967292016,"status":"passed","summary":""},{"assertionResults":[{"ancestorTitles":["BillsList Integration"],"duration":710,"failing":false,"failureDetails":[],"failureMessages":[],"fullName":"BillsList Integration globalSearch filters by title","invocations":1,"location":null,"numPassingAsserts":3,"retryReasons":[],"startAt":1774967294709,"status":"passed","title":"globalSearch filters by title"},{"ancestorTitles":["BillsList Integration"],"duration":65,"failing":false,"failureDetails":[],"failureMessages":[],"fullName":"BillsList Integration UE filter shows only EU bills","invocations":1,"location":null,"numPassingAsserts":2,"retryReasons":[],"startAt":1774967295422,"status":"passed","title":"UE filter shows only EU bills"}],"endTime":1774967295492,"message":"","name":"/Users/szymonpaczos/OpenOurGov/frontend/app/ustawy/__tests__/BillsList.test.tsx","startTime":1774967292162,"status":"passed","summary":""},{"assertionResults":[],"coverage":{},"endTime":1774967297247,"message":"  ● Test suite failed to run\n\n    Cannot find module '@/lib/hooks' from 'components/navigation/__tests__/Navbar.test.tsx'\n\n      13 | // Mock Redux hooks\n      14 | const mockDispatch = jest.fn();\n    > 15 | jest.mock('@/lib/hooks', () => ({\n         |      ^\n      16 |     useAppDispatch: () => mockDispatch,\n      17 |     useAppSelector: () => '',\n      18 | }));\n\n      at Resolver._throwModNotFoundError (node_modules/jest-resolve/build/index.js:863:11)\n      at Object.mock (components/navigation/__tests__/Navbar.test.tsx:15:6)\n","name":"/Users/szymonpaczos/OpenOurGov/frontend/components/navigation/__tests__/Navbar.test.tsx","startTime":1774967297247,"status":"failed","summary":""},{"assertionResults":[{"ancestorTitles":["Hemicycle Component"],"duration":805,"failing":false,"failureDetails":[],"failureMessages":[],"fullName":"Hemicycle Component renders correctly with 460 seats","invocations":1,"location":null,"numPassingAsserts":1,"retryReasons":[],"startAt":1774967294079,"status":"passed","title":"renders correctly with 460 seats"},{"ancestorTitles":["Hemicycle Component"],"duration":614,"failing":false,"failureDetails":[],"failureMessages":[],"fullName":"Hemicycle Component displays the total count text","invocations":1,"location":null,"numPassingAsserts":2,"retryReasons":[],"startAt":1774967294885,"status":"passed","title":"displays the total count text"},{"ancestorTitles":["Hemicycle Component"],"duration":329,"failing":false,"failureDetails":[],"failureMessages":[],"fullName":"Hemicycle Component applies correct position styles","invocations":1,"location":null,"numPassingAsserts":3,"retryReasons":[],"startAt":1774967295501,"status":"passed","title":"applies correct position styles"}],"endTime":1774967295848,"message":"","name":"/Users/szymonpaczos/OpenOurGov/frontend/__tests__/Hemicycle.test.tsx","startTime":1774967292101,"status":"passed","summary":""},{"assertionResults":[{"ancestorTitles":["MPsList Integration"],"duration":499,"failing":false,"failureDetails":[],"failureMessages":[],"fullName":"MPsList Integration globalSearch filters by name","invocations":1,"location":null,"numPassingAsserts":2,"retryReasons":[],"startAt":1774967294750,"status":"passed","title":"globalSearch filters by name"},{"ancestorTitles":["MPsList Integration"],"duration":55,"failing":false,"failureDetails":[],"failureMessages":[],"fullName":"MPsList Integration globalSearch filters by club","invocations":1,"location":null,"numPassingAsserts":2,"retryReasons":[],"startAt":1774967295251,"status":"passed","title":"globalSearch filters by club"},{"ancestorTitles":["MPsList Integration"],"duration":62,"failing":false,"failureDetails":[],"failureMessages":[],"fullName":"MPsList Integration clicking \"Senat\" shows only senators","invocations":1,"location":null,"numPassingAsserts":2,"retryReasons":[],"startAt":1774967295306,"status":"passed","title":"clicking \"Senat\" shows only senators"},{"ancestorTitles":["MPsList Integration"],"duration":128,"failing":false,"failureDetails":[],"failureMessages":[],"fullName":"MPsList Integration clicking \"Sejm\" shows only MPs","invocations":1,"location":null,"numPassingAsserts":2,"retryReasons":[],"startAt":1774967295368,"status":"passed","title":"clicking \"Sejm\" shows only MPs"},{"ancestorTitles":["MPsList Integration"],"duration":887,"failing":false,"failureDetails":[],"failureMessages":[],"fullName":"MPsList Integration \"Pokaż więcej\" increases visible count","invocations":1,"location":null,"numPassingAsserts":2,"retryReasons":[],"startAt":1774967295496,"status":"passed","title":"\"Pokaż więcej\" increases visible count"},{"ancestorTitles":["MPsList Integration"],"duration":519,"failing":false,"failureDetails":[],"failureMessages":[],"fullName":"MPsList Integration clicking \"Pokaż więcej\" twice shows all MPs","invocations":1,"location":null,"numPassingAsserts":2,"retryReasons":[],"startAt":1774967296383,"status":"passed","title":"clicking \"Pokaż więcej\" twice shows all MPs"},{"ancestorTitles":["MPsList Integration"],"duration":11,"failing":false,"failureDetails":[],"failureMessages":[],"fullName":"MPsList Integration \"Wszyscy\" resets chamber filter","invocations":1,"location":null,"numPassingAsserts":3,"retryReasons":[],"startAt":1774967296902,"status":"passed","title":"\"Wszyscy\" resets chamber filter"},{"ancestorTitles":["MPsList Integration"],"duration":5,"failing":false,"failureDetails":[],"failureMessages":[],"fullName":"MPsList Integration Sejm MP card links to /poslowie/[id]","invocations":1,"location":null,"numPassingAsserts":1,"retryReasons":[],"startAt":1774967296913,"status":"passed","title":"Sejm MP card links to /poslowie/[id]"},{"ancestorTitles":["MPsList Integration"],"duration":2,"failing":false,"failureDetails":[],"failureMessages":[],"fullName":"MPsList Integration Senat MP card links to /senatorowie/[id]","invocations":1,"location":null,"numPassingAsserts":1,"retryReasons":[],"startAt":1774967296918,"status":"passed","title":"Senat MP card links to /senatorowie/[id]"},{"ancestorTitles":["MPsList Integration"],"duration":2,"failing":false,"failureDetails":[],"failureMessages":[],"fullName":"MPsList Integration shows empty message when no results match","invocations":1,"location":null,"numPassingAsserts":1,"retryReasons":[],"startAt":1774967296920,"status":"passed","title":"shows empty message when no results match"}],"endTime":1774967296923,"message":"","name":"/Users/szymonpaczos/OpenOurGov/frontend/app/poslowie/__tests__/MPsList.test.tsx","startTime":1774967292060,"status":"passed","summary":""}],"wasInterrupted":false}
