{"numFailedTestSuites":1,"numFailedTests":7,"numPassedTestSuites":11,"numPassedTests":54,"numPendingTestSuites":0,"numPendingTests":0,"numRuntimeErrorTestSuites":0,"numTodoTests":0,"numTotalTestSuites":12,"numTotalTests":61,"openHandles":[],"snapshot":{"added":0,"didUpdate":false,"failure":false,"filesAdded":0,"filesRemoved":0,"filesRemovedList":[],"filesUnmatched":0,"filesUpdated":0,"matched":0,"total":0,"unchecked":0,"uncheckedKeysByFile":[],"unmatched":0,"updated":0},"startTime":1774967440548,"success":false,"testResults":[{"assertionResults":[{"ancestorTitles":["Data Loaders","getBills"],"duration":25,"failing":false,"failureDetails":[],"failureMessages":[],"fullName":"Data Loaders getBills returns bills array when file exists","invocations":1,"location":null,"numPassingAsserts":3,"retryReasons":[],"startAt":1774967443173,"status":"passed","title":"returns bills array when file exists"},{"ancestorTitles":["Data Loaders","getBills"],"duration":1,"failing":false,"failureDetails":[],"failureMessages":[],"fullName":"Data Loaders getBills returns empty array when file does not exist","invocations":1,"location":null,"numPassingAsserts":1,"retryReasons":[],"startAt":1774967443199,"status":"passed","title":"returns empty array when file does not exist"},{"ancestorTitles":["Data Loaders","getMPs / getMP"],"duration":5,"failing":false,"failureDetails":[],"failureMessages":[],"fullName":"Data Loaders getMPs / getMP getMP returns MP when found","invocations":1,"location":null,"numPassingAsserts":2,"retryReasons":[],"startAt":1774967443200,"status":"passed","title":"getMP returns MP when found"},{"ancestorTitles":["Data Loaders","getMPs / getMP"],"duration":1,"failing":false,"failureDetails":[],"failureMessages":[],"fullName":"Data Loaders getMPs / getMP getMP returns undefined when not found","invocations":1,"location":null,"numPassingAsserts":1,"retryReasons":[],"startAt":1774967443205,"status":"passed","title":"getMP returns undefined when not found"},{"ancestorTitles":["Data Loaders","getSenators"],"duration":4,"failing":false,"failureDetails":[],"failureMessages":[],"fullName":"Data Loaders getSenators returns senators when file exists","invocations":1,"location":null,"numPassingAsserts":2,"retryReasons":[],"startAt":1774967443206,"status":"passed","title":"returns senators when file exists"},{"ancestorTitles":["Data Loaders","getSenators"],"duration":1,"failing":false,"failureDetails":[],"failureMessages":[],"fullName":"Data Loaders getSenators returns empty array when file missing","invocations":1,"location":null,"numPassingAsserts":1,"retryReasons":[],"startAt":1774967443211,"status":"passed","title":"returns empty array when file missing"},{"ancestorTitles":["Data Loaders","getRclProjects"],"duration":6,"failing":false,"failureDetails":[],"failureMessages":[],"fullName":"Data Loaders getRclProjects returns projects when file exists","invocations":1,"location":null,"numPassingAsserts":1,"retryReasons":[],"startAt":1774967443212,"status":"passed","title":"returns projects when file exists"},{"ancestorTitles":["Data Loaders","getVotesForMP"],"duration":5,"failing":false,"failureDetails":[],"failureMessages":[],"fullName":"Data Loaders getVotesForMP returns empty array when file does not exist","invocations":1,"location":null,"numPassingAsserts":1,"retryReasons":[],"startAt":1774967443218,"status":"passed","title":"returns empty array when file does not exist"},{"ancestorTitles":["Data Loaders","getVotesForMP"],"duration":1,"failing":false,"failureDetails":[],"failureMessages":[],"fullName":"Data Loaders getVotesForMP returns votes when file exists","invocations":1,"location":null,"numPassingAsserts":2,"retryReasons":[],"startAt":1774967443223,"status":"passed","title":"returns votes when file exists"},{"ancestorTitles":["Data Loaders","stats functions"],"duration":13,"failing":false,"failureDetails":[],"failureMessages":[],"fullName":"Data Loaders stats functions getParliamentStats sums MPs + Senators","invocations":1,"location":null,"numPassingAsserts":3,"retryReasons":[],"startAt":1774967443225,"status":"passed","title":"getParliamentStats sums MPs + Senators"}],"endTime":1774967443241,"message":"","name":"/Users/szymonpaczos/OpenOurGov/frontend/lib/__tests__/dataLoaders.test.ts","startTime":1774967442203,"status":"passed","summary":""},{"assertionResults":[{"ancestorTitles":["billsSlice reducers"],"duration":18,"failing":false,"failureDetails":[],"failureMessages":[],"fullName":"billsSlice reducers setBills sets items and marks status as succeeded","invocations":1,"location":null,"numPassingAsserts":2,"retryReasons":[],"startAt":1774967443231,"status":"passed","title":"setBills sets items and marks status as succeeded"},{"ancestorTitles":["billsSlice reducers"],"duration":0,"failing":false,"failureDetails":[],"failureMessages":[],"fullName":"billsSlice reducers setBills with empty array sets items to [] and status to succeeded","invocations":1,"location":null,"numPassingAsserts":2,"retryReasons":[],"startAt":1774967443249,"status":"passed","title":"setBills with empty array sets items to [] and status to succeeded"},{"ancestorTitles":["billsSlice reducers"],"duration":0,"failing":false,"failureDetails":[],"failureMessages":[],"fullName":"billsSlice reducers setFilterStatus sets filter.status to UE","invocations":1,"location":null,"numPassingAsserts":1,"retryReasons":[],"startAt":1774967443250,"status":"passed","title":"setFilterStatus sets filter.status to UE"},{"ancestorTitles":["billsSlice reducers"],"duration":0,"failing":false,"failureDetails":[],"failureMessages":[],"fullName":"billsSlice reducers setFilterStatus resets back to all","invocations":1,"location":null,"numPassingAsserts":1,"retryReasons":[],"startAt":1774967443250,"status":"passed","title":"setFilterStatus resets back to all"},{"ancestorTitles":["billsSlice selectors"],"duration":22,"failing":false,"failureDetails":[],"failureMessages":[],"fullName":"billsSlice selectors selectFilteredBills returns all bills when no search","invocations":1,"location":null,"numPassingAsserts":1,"retryReasons":[],"startAt":1774967443250,"status":"passed","title":"selectFilteredBills returns all bills when no search"},{"ancestorTitles":["billsSlice selectors"],"duration":21,"failing":false,"failureDetails":[],"failureMessages":[],"fullName":"billsSlice selectors selectFilteredBills filters by title","invocations":1,"location":null,"numPassingAsserts":2,"retryReasons":[],"startAt":1774967443273,"status":"passed","title":"selectFilteredBills filters by title"},{"ancestorTitles":["billsSlice selectors"],"duration":6,"failing":false,"failureDetails":[],"failureMessages":[],"fullName":"billsSlice selectors selectFilteredBills filters by id","invocations":1,"location":null,"numPassingAsserts":1,"retryReasons":[],"startAt":1774967443294,"status":"passed","title":"selectFilteredBills filters by id"},{"ancestorTitles":["billsSlice selectors"],"duration":3,"failing":false,"failureDetails":[],"failureMessages":[],"fullName":"billsSlice selectors selectFilteredBills filters by UE status","invocations":1,"location":null,"numPassingAsserts":2,"retryReasons":[],"startAt":1774967443300,"status":"passed","title":"selectFilteredBills filters by UE status"},{"ancestorTitles":["billsSlice selectors"],"duration":2,"failing":false,"failureDetails":[],"failureMessages":[],"fullName":"billsSlice selectors selectFilteredBills sorts by date descending","invocations":1,"location":null,"numPassingAsserts":3,"retryReasons":[],"startAt":1774967443303,"status":"passed","title":"selectFilteredBills sorts by date descending"},{"ancestorTitles":["billsSlice selectors"],"duration":3,"failing":false,"failureDetails":[],"failureMessages":[],"fullName":"billsSlice selectors selectBills returns raw items","invocations":1,"location":null,"numPassingAsserts":1,"retryReasons":[],"startAt":1774967443305,"status":"passed","title":"selectBills returns raw items"},{"ancestorTitles":["billsSlice selectors"],"duration":4,"failing":false,"failureDetails":[],"failureMessages":[],"fullName":"billsSlice selectors selectFilter returns the filter object","invocations":1,"location":null,"numPassingAsserts":1,"retryReasons":[],"startAt":1774967443308,"status":"passed","title":"selectFilter returns the filter object"}],"endTime":1774967443313,"message":"","name":"/Users/szymonpaczos/OpenOurGov/frontend/lib/features/bills/__tests__/billsSlice.test.ts","startTime":1774967442191,"status":"passed","summary":""},{"assertionResults":[{"ancestorTitles":["BillPage"],"duration":13,"failing":false,"failureDetails":[],"failureMessages":[],"fullName":"BillPage defines the component","invocations":1,"location":null,"numPassingAsserts":1,"retryReasons":[],"startAt":1774967443532,"status":"passed","title":"defines the component"}],"endTime":1774967443552,"message":"","name":"/Users/szymonpaczos/OpenOurGov/frontend/__tests__/BillPage.test.tsx","startTime":1774967442187,"status":"passed","summary":""},{"assertionResults":[{"ancestorTitles":["Redux Store"],"duration":6,"failing":false,"failureDetails":[],"failureMessages":[],"fullName":"Redux Store makeStore creates store with bills and search reducers","invocations":1,"location":null,"numPassingAsserts":4,"retryReasons":[],"startAt":1774967443714,"status":"passed","title":"makeStore creates store with bills and search reducers"},{"ancestorTitles":["Redux Store"],"duration":2,"failing":false,"failureDetails":[],"failureMessages":[],"fullName":"Redux Store two store instances do not share state","invocations":1,"location":null,"numPassingAsserts":2,"retryReasons":[],"startAt":1774967443720,"status":"passed","title":"two store instances do not share state"}],"endTime":1774967443724,"message":"","name":"/Users/szymonpaczos/OpenOurGov/frontend/lib/__tests__/store.test.ts","startTime":1774967443460,"status":"passed","summary":""},{"assertionResults":[{"ancestorTitles":["cn() utility"],"duration":29,"failing":false,"failureDetails":[],"failureMessages":[],"fullName":"cn() utility joins multiple class names","invocations":1,"location":null,"numPassingAsserts":1,"retryReasons":[],"startAt":1774967443764,"status":"passed","title":"joins multiple class names"},{"ancestorTitles":["cn() utility"],"duration":5,"failing":false,"failureDetails":[],"failureMessages":[],"fullName":"cn() utility deduplicates conflicting Tailwind classes (last wins)","invocations":1,"location":null,"numPassingAsserts":1,"retryReasons":[],"startAt":1774967443794,"status":"passed","title":"deduplicates conflicting Tailwind classes (last wins)"},{"ancestorTitles":["cn() utility"],"duration":1,"failing":false,"failureDetails":[],"failureMessages":[],"fullName":"cn() utility handles conditional classes","invocations":1,"location":null,"numPassingAsserts":1,"retryReasons":[],"startAt":1774967443799,"status":"passed","title":"handles conditional classes"},{"ancestorTitles":["cn() utility"],"duration":1,"failing":false,"failureDetails":[],"failureMessages":[],"fullName":"cn() utility handles empty inputs","invocations":1,"location":null,"numPassingAsserts":1,"retryReasons":[],"startAt":1774967443800,"status":"passed","title":"handles empty inputs"},{"ancestorTitles":["cn() utility"],"duration":0,"failing":false,"failureDetails":[],"failureMessages":[],"fullName":"cn() utility handles undefined and null","invocations":1,"location":null,"numPassingAsserts":1,"retryReasons":[],"startAt":1774967443801,"status":"passed","title":"handles undefined and null"}],"endTime":1774967443801,"message":"","name":"/Users/szymonpaczos/OpenOurGov/frontend/lib/__tests__/utils.test.ts","startTime":1774967443553,"status":"passed","summary":""},{"assertionResults":[{"ancestorTitles":["searchSlice"],"duration":7,"failing":false,"failureDetails":[],"failureMessages":[],"fullName":"searchSlice setGlobalSearch sets the search value","invocations":1,"location":null,"numPassingAsserts":1,"retryReasons":[],"startAt":1774967444011,"status":"passed","title":"setGlobalSearch sets the search value"},{"ancestorTitles":["searchSlice"],"duration":1,"failing":false,"failureDetails":[],"failureMessages":[],"fullName":"searchSlice setGlobalSearch with empty string clears search","invocations":1,"location":null,"numPassingAsserts":1,"retryReasons":[],"startAt":1774967444020,"status":"passed","title":"setGlobalSearch with empty string clears search"},{"ancestorTitles":["searchSlice"],"duration":1,"failing":false,"failureDetails":[],"failureMessages":[],"fullName":"searchSlice selectGlobalSearch returns globalSearch from state","invocations":1,"location":null,"numPassingAsserts":1,"retryReasons":[],"startAt":1774967444021,"status":"passed","title":"selectGlobalSearch returns globalSearch from state"},{"ancestorTitles":["searchSlice"],"duration":0,"failing":false,"failureDetails":[],"failureMessages":[],"fullName":"searchSlice selectGlobalSearch returns empty string from initial state","invocations":1,"location":null,"numPassingAsserts":1,"retryReasons":[],"startAt":1774967444022,"status":"passed","title":"selectGlobalSearch returns empty string from initial state"}],"endTime":1774967444026,"message":"","name":"/Users/szymonpaczos/OpenOurGov/frontend/lib/features/search/__tests__/searchSlice.test.ts","startTime":1774967443693,"status":"passed","summary":""},{"assertionResults":[{"ancestorTitles":["constants"],"duration":7,"failing":false,"failureDetails":[],"failureMessages":[],"fullName":"constants KANBAN_STAGES_ORDER contains exactly 10 stages","invocations":1,"location":null,"numPassingAsserts":1,"retryReasons":[],"startAt":1774967444198,"status":"passed","title":"KANBAN_STAGES_ORDER contains exactly 10 stages"},{"ancestorTitles":["constants"],"duration":0,"failing":false,"failureDetails":[],"failureMessages":[],"fullName":"constants first stage is Inicjatywa, last is Wejście w życie","invocations":1,"location":null,"numPassingAsserts":2,"retryReasons":[],"startAt":1774967444206,"status":"passed","title":"first stage is Inicjatywa, last is Wejście w życie"},{"ancestorTitles":["constants"],"duration":0,"failing":false,"failureDetails":[],"failureMessages":[],"fullName":"constants all KANBAN_STAGES values are unique","invocations":1,"location":null,"numPassingAsserts":1,"retryReasons":[],"startAt":1774967444206,"status":"passed","title":"all KANBAN_STAGES values are unique"},{"ancestorTitles":["constants"],"duration":2,"failing":false,"failureDetails":[],"failureMessages":[],"fullName":"constants KANBAN_STAGE_COLORS has an entry for every stage in KANBAN_STAGES_ORDER","invocations":1,"location":null,"numPassingAsserts":20,"retryReasons":[],"startAt":1774967444206,"status":"passed","title":"KANBAN_STAGE_COLORS has an entry for every stage in KANBAN_STAGES_ORDER"}],"endTime":1774967444208,"message":"","name":"/Users/szymonpaczos/OpenOurGov/frontend/lib/__tests__/constants.test.ts","startTime":1774967443931,"status":"passed","summary":""},{"assertionResults":[{"ancestorTitles":["ThemeToggle"],"duration":362,"failing":false,"failureDetails":[],"failureMessages":[],"fullName":"ThemeToggle clicking toggles `dark` class on <html>","invocations":1,"location":null,"numPassingAsserts":3,"retryReasons":[],"startAt":1774967443980,"status":"passed","title":"clicking toggles `dark` class on <html>"},{"ancestorTitles":["ThemeToggle"],"duration":23,"failing":false,"failureDetails":[],"failureMessages":[],"fullName":"ThemeToggle does NOT manually set CSS custom properties","invocations":1,"location":null,"numPassingAsserts":1,"retryReasons":[],"startAt":1774967444343,"status":"passed","title":"does NOT manually set CSS custom properties"}],"endTime":1774967444385,"message":"","name":"/Users/szymonpaczos/OpenOurGov/frontend/components/__tests__/ThemeToggle.test.tsx","startTime":1774967442193,"status":"passed","summary":""},{"assertionResults":[{"ancestorTitles":["BillsList Integration"],"duration":430,"failing":false,"failureDetails":[],"failureMessages":[],"fullName":"BillsList Integration globalSearch filters by title","invocations":1,"location":null,"numPassingAsserts":3,"retryReasons":[],"startAt":1774967443993,"status":"passed","title":"globalSearch filters by title"},{"ancestorTitles":["BillsList Integration"],"duration":27,"failing":false,"failureDetails":[],"failureMessages":[],"fullName":"BillsList Integration UE filter shows only EU bills","invocations":1,"location":null,"numPassingAsserts":2,"retryReasons":[],"startAt":1774967444425,"status":"passed","title":"UE filter shows only EU bills"}],"endTime":1774967444454,"message":"","name":"/Users/szymonpaczos/OpenOurGov/frontend/app/ustawy/__tests__/BillsList.test.tsx","startTime":1774967442193,"status":"passed","summary":""},{"assertionResults":[{"ancestorTitles":["Hemicycle Component"],"duration":521,"failing":false,"failureDetails":[],"failureMessages":[],"fullName":"Hemicycle Component renders correctly with 460 seats","invocations":1,"location":null,"numPassingAsserts":1,"retryReasons":[],"startAt":1774967443758,"status":"passed","title":"renders correctly with 460 seats"},{"ancestorTitles":["Hemicycle Component"],"duration":189,"failing":false,"failureDetails":[],"failureMessages":[],"fullName":"Hemicycle Component displays the total count text","invocations":1,"location":null,"numPassingAsserts":2,"retryReasons":[],"startAt":1774967444281,"status":"passed","title":"displays the total count text"},{"ancestorTitles":["Hemicycle Component"],"duration":248,"failing":false,"failureDetails":[],"failureMessages":[],"fullName":"Hemicycle Component applies correct position styles","invocations":1,"location":null,"numPassingAsserts":3,"retryReasons":[],"startAt":1774967444470,"status":"passed","title":"applies correct position styles"}],"endTime":1774967444730,"message":"","name":"/Users/szymonpaczos/OpenOurGov/frontend/__tests__/Hemicycle.test.tsx","startTime":1774967442183,"status":"passed","summary":""},{"assertionResults":[{"ancestorTitles":["Navbar"],"duration":212,"failing":false,"failureDetails":[{}],"failureMessages":["TypeError: window.matchMedia is not a function\n    at matchMedia (/Users/szymonpaczos/OpenOurGov/frontend/components/ThemeToggle.tsx:11:84)\n    at Object.react_stack_bottom_frame (/Users/szymonpaczos/OpenOurGov/frontend/node_modules/react-dom/cjs/react-dom-client.development.js:25989:20)\n    at runWithFiberInDEV (/Users/szymonpaczos/OpenOurGov/frontend/node_modules/react-dom/cjs/react-dom-client.development.js:874:13)\n    at commitHookEffectListMount (/Users/szymonpaczos/OpenOurGov/frontend/node_modules/react-dom/cjs/react-dom-client.development.js:13249:29)\n    at commitHookPassiveMountEffects (/Users/szymonpaczos/OpenOurGov/frontend/node_modules/react-dom/cjs/react-dom-client.development.js:13336:11)\n    at commitPassiveMountOnFiber (/Users/szymonpaczos/OpenOurGov/frontend/node_modules/react-dom/cjs/react-dom-client.development.js:15484:13)\n    at recursivelyTraversePassiveMountEffects (/Users/szymonpaczos/OpenOurGov/frontend/node_modules/react-dom/cjs/react-dom-client.development.js:15439:11)\n    at commitPassiveMountOnFiber (/Users/szymonpaczos/OpenOurGov/frontend/node_modules/react-dom/cjs/react-dom-client.development.js:15718:11)\n    at recursivelyTraversePassiveMountEffects (/Users/szymonpaczos/OpenOurGov/frontend/node_modules/react-dom/cjs/react-dom-client.development.js:15439:11)\n    at commitPassiveMountOnFiber (/Users/szymonpaczos/OpenOurGov/frontend/node_modules/react-dom/cjs/react-dom-client.development.js:15718:11)\n    at recursivelyTraversePassiveMountEffects (/Users/szymonpaczos/OpenOurGov/frontend/node_modules/react-dom/cjs/react-dom-client.development.js:15439:11)\n    at commitPassiveMountOnFiber (/Users/szymonpaczos/OpenOurGov/frontend/node_modules/react-dom/cjs/react-dom-client.development.js:15476:11)\n    at recursivelyTraversePassiveMountEffects (/Users/szymonpaczos/OpenOurGov/frontend/node_modules/react-dom/cjs/react-dom-client.development.js:15439:11)\n    at commitPassiveMountOnFiber (/Users/szymonpaczos/OpenOurGov/frontend/node_modules/react-dom/cjs/react-dom-client.development.js:15519:11)\n    at flushPassiveEffects (/Users/szymonpaczos/OpenOurGov/frontend/node_modules/react-dom/cjs/react-dom-client.development.js:18432:9)\n    at /Users/szymonpaczos/OpenOurGov/frontend/node_modules/react-dom/cjs/react-dom-client.development.js:17923:15\n    at flushActQueue (/Users/szymonpaczos/OpenOurGov/frontend/node_modules/react/cjs/react.development.js:590:34)\n    at process.env.NODE_ENV.exports.act (/Users/szymonpaczos/OpenOurGov/frontend/node_modules/react/cjs/react.development.js:884:10)\n    at /Users/szymonpaczos/OpenOurGov/frontend/node_modules/@testing-library/react/dist/act-compat.js:46:25\n    at renderRoot (/Users/szymonpaczos/OpenOurGov/frontend/node_modules/@testing-library/react/dist/pure.js:189:26)\n    at render (/Users/szymonpaczos/OpenOurGov/frontend/node_modules/@testing-library/react/dist/pure.js:291:10)\n    at Object.<anonymous> (/Users/szymonpaczos/OpenOurGov/frontend/components/navigation/__tests__/Navbar.test.tsx:29:15)\n    at Promise.finally.completed (/Users/szymonpaczos/OpenOurGov/frontend/node_modules/jest-circus/build/jestAdapterInit.js:1557:28)\n    at new Promise (<anonymous>)\n    at callAsyncCircusFn (/Users/szymonpaczos/OpenOurGov/frontend/node_modules/jest-circus/build/jestAdapterInit.js:1497:10)\n    at _callCircusTest (/Users/szymonpaczos/OpenOurGov/frontend/node_modules/jest-circus/build/jestAdapterInit.js:1007:40)\n    at processTicksAndRejections (node:internal/process/task_queues:103:5)\n    at _runTest (/Users/szymonpaczos/OpenOurGov/frontend/node_modules/jest-circus/build/jestAdapterInit.js:947:3)\n    at /Users/szymonpaczos/OpenOurGov/frontend/node_modules/jest-circus/build/jestAdapterInit.js:849:7\n    at _runTestsForDescribeBlock (/Users/szymonpaczos/OpenOurGov/frontend/node_modules/jest-circus/build/jestAdapterInit.js:862:11)\n    at _runTestsForDescribeBlock (/Users/szymonpaczos/OpenOurGov/frontend/node_modules/jest-circus/build/jestAdapterInit.js:857:11)\n    at run (/Users/szymonpaczos/OpenOurGov/frontend/node_modules/jest-circus/build/jestAdapterInit.js:761:3)\n    at runAndTransformResultsToJestFormat (/Users/szymonpaczos/OpenOurGov/frontend/node_modules/jest-circus/build/jestAdapterInit.js:1918:21)\n    at jestAdapter (/Users/szymonpaczos/OpenOurGov/frontend/node_modules/jest-circus/build/runner.js:101:19)\n    at runTestInternal (/Users/szymonpaczos/OpenOurGov/frontend/node_modules/jest-runner/build/testWorker.js:275:16)\n    at runTest (/Users/szymonpaczos/OpenOurGov/frontend/node_modules/jest-runner/build/testWorker.js:343:7)\n    at Object.worker (/Users/szymonpaczos/OpenOurGov/frontend/node_modules/jest-runner/build/testWorker.js:497:12)"],"fullName":"Navbar contains a link to /senatorowie","invocations":1,"location":null,"numPassingAsserts":0,"retryReasons":[],"startAt":1774967444729,"status":"failed","title":"contains a link to /senatorowie"},{"ancestorTitles":["Navbar"],"duration":38,"failing":false,"failureDetails":[{}],"failureMessages":["TypeError: window.matchMedia is not a function\n    at matchMedia (/Users/szymonpaczos/OpenOurGov/frontend/components/ThemeToggle.tsx:11:84)\n    at Object.react_stack_bottom_frame (/Users/szymonpaczos/OpenOurGov/frontend/node_modules/react-dom/cjs/react-dom-client.development.js:25989:20)\n    at runWithFiberInDEV (/Users/szymonpaczos/OpenOurGov/frontend/node_modules/react-dom/cjs/react-dom-client.development.js:874:13)\n    at commitHookEffectListMount (/Users/szymonpaczos/OpenOurGov/frontend/node_modules/react-dom/cjs/react-dom-client.development.js:13249:29)\n    at commitHookPassiveMountEffects (/Users/szymonpaczos/OpenOurGov/frontend/node_modules/react-dom/cjs/react-dom-client.development.js:13336:11)\n    at commitPassiveMountOnFiber (/Users/szymonpaczos/OpenOurGov/frontend/node_modules/react-dom/cjs/react-dom-client.development.js:15484:13)\n    at recursivelyTraversePassiveMountEffects (/Users/szymonpaczos/OpenOurGov/frontend/node_modules/react-dom/cjs/react-dom-client.development.js:15439:11)\n    at commitPassiveMountOnFiber (/Users/szymonpaczos/OpenOurGov/frontend/node_modules/react-dom/cjs/react-dom-client.development.js:15718:11)\n    at recursivelyTraversePassiveMountEffects (/Users/szymonpaczos/OpenOurGov/frontend/node_modules/react-dom/cjs/react-dom-client.development.js:15439:11)\n    at commitPassiveMountOnFiber (/Users/szymonpaczos/OpenOurGov/frontend/node_modules/react-dom/cjs/react-dom-client.development.js:15718:11)\n    at recursivelyTraversePassiveMountEffects (/Users/szymonpaczos/OpenOurGov/frontend/node_modules/react-dom/cjs/react-dom-client.development.js:15439:11)\n    at commitPassiveMountOnFiber (/Users/szymonpaczos/OpenOurGov/frontend/node_modules/react-dom/cjs/react-dom-client.development.js:15476:11)\n    at recursivelyTraversePassiveMountEffects (/Users/szymonpaczos/OpenOurGov/frontend/node_modules/react-dom/cjs/react-dom-client.development.js:15439:11)\n    at commitPassiveMountOnFiber (/Users/szymonpaczos/OpenOurGov/frontend/node_modules/react-dom/cjs/react-dom-client.development.js:15519:11)\n    at flushPassiveEffects (/Users/szymonpaczos/OpenOurGov/frontend/node_modules/react-dom/cjs/react-dom-client.development.js:18432:9)\n    at /Users/szymonpaczos/OpenOurGov/frontend/node_modules/react-dom/cjs/react-dom-client.development.js:17923:15\n    at flushActQueue (/Users/szymonpaczos/OpenOurGov/frontend/node_modules/react/cjs/react.development.js:590:34)\n    at process.env.NODE_ENV.exports.act (/Users/szymonpaczos/OpenOurGov/frontend/node_modules/react/cjs/react.development.js:884:10)\n    at /Users/szymonpaczos/OpenOurGov/frontend/node_modules/@testing-library/react/dist/act-compat.js:46:25\n    at renderRoot (/Users/szymonpaczos/OpenOurGov/frontend/node_modules/@testing-library/react/dist/pure.js:189:26)\n    at render (/Users/szymonpaczos/OpenOurGov/frontend/node_modules/@testing-library/react/dist/pure.js:291:10)\n    at Object.<anonymous> (/Users/szymonpaczos/OpenOurGov/frontend/components/navigation/__tests__/Navbar.test.tsx:37:15)\n    at Promise.finally.completed (/Users/szymonpaczos/OpenOurGov/frontend/node_modules/jest-circus/build/jestAdapterInit.js:1557:28)\n    at new Promise (<anonymous>)\n    at callAsyncCircusFn (/Users/szymonpaczos/OpenOurGov/frontend/node_modules/jest-circus/build/jestAdapterInit.js:1497:10)\n    at _callCircusTest (/Users/szymonpaczos/OpenOurGov/frontend/node_modules/jest-circus/build/jestAdapterInit.js:1007:40)\n    at processTicksAndRejections (node:internal/process/task_queues:103:5)\n    at _runTest (/Users/szymonpaczos/OpenOurGov/frontend/node_modules/jest-circus/build/jestAdapterInit.js:947:3)\n    at /Users/szymonpaczos/OpenOurGov/frontend/node_modules/jest-circus/build/jestAdapterInit.js:849:7\n    at _runTestsForDescribeBlock (/Users/szymonpaczos/OpenOurGov/frontend/node_modules/jest-circus/build/jestAdapterInit.js:862:11)\n    at _runTestsForDescribeBlock (/Users/szymonpaczos/OpenOurGov/frontend/node_modules/jest-circus/build/jestAdapterInit.js:857:11)\n    at run (/Users/szymonpaczos/OpenOurGov/frontend/node_modules/jest-circus/build/jestAdapterInit.js:761:3)\n    at runAndTransformResultsToJestFormat (/Users/szymonpaczos/OpenOurGov/frontend/node_modules/jest-circus/build/jestAdapterInit.js:1918:21)\n    at jestAdapter (/Users/szymonpaczos/OpenOurGov/frontend/node_modules/jest-circus/build/runner.js:101:19)\n    at runTestInternal (/Users/szymonpaczos/OpenOurGov/frontend/node_modules/jest-runner/build/testWorker.js:275:16)\n    at runTest (/Users/szymonpaczos/OpenOurGov/frontend/node_modules/jest-runner/build/testWorker.js:343:7)\n    at Object.worker (/Users/szymonpaczos/OpenOurGov/frontend/node_modules/jest-runner/build/testWorker.js:497:12)"],"fullName":"Navbar contains a link to /ustawy","invocations":1,"location":null,"numPassingAsserts":0,"retryReasons":[],"startAt":1774967444945,"status":"failed","title":"contains a link to /ustawy"},{"ancestorTitles":["Navbar"],"duration":38,"failing":false,"failureDetails":[{}],"failureMessages":["TypeError: window.matchMedia is not a function\n    at matchMedia (/Users/szymonpaczos/OpenOurGov/frontend/components/ThemeToggle.tsx:11:84)\n    at Object.react_stack_bottom_frame (/Users/szymonpaczos/OpenOurGov/frontend/node_modules/react-dom/cjs/react-dom-client.development.js:25989:20)\n    at runWithFiberInDEV (/Users/szymonpaczos/OpenOurGov/frontend/node_modules/react-dom/cjs/react-dom-client.development.js:874:13)\n    at commitHookEffectListMount (/Users/szymonpaczos/OpenOurGov/frontend/node_modules/react-dom/cjs/react-dom-client.development.js:13249:29)\n    at commitHookPassiveMountEffects (/Users/szymonpaczos/OpenOurGov/frontend/node_modules/react-dom/cjs/react-dom-client.development.js:13336:11)\n    at commitPassiveMountOnFiber (/Users/szymonpaczos/OpenOurGov/frontend/node_modules/react-dom/cjs/react-dom-client.development.js:15484:13)\n    at recursivelyTraversePassiveMountEffects (/Users/szymonpaczos/OpenOurGov/frontend/node_modules/react-dom/cjs/react-dom-client.development.js:15439:11)\n    at commitPassiveMountOnFiber (/Users/szymonpaczos/OpenOurGov/frontend/node_modules/react-dom/cjs/react-dom-client.development.js:15718:11)\n    at recursivelyTraversePassiveMountEffects (/Users/szymonpaczos/OpenOurGov/frontend/node_modules/react-dom/cjs/react-dom-client.development.js:15439:11)\n    at commitPassiveMountOnFiber (/Users/szymonpaczos/OpenOurGov/frontend/node_modules/react-dom/cjs/react-dom-client.development.js:15718:11)\n    at recursivelyTraversePassiveMountEffects (/Users/szymonpaczos/OpenOurGov/frontend/node_modules/react-dom/cjs/react-dom-client.development.js:15439:11)\n    at commitPassiveMountOnFiber (/Users/szymonpaczos/OpenOurGov/frontend/node_modules/react-dom/cjs/react-dom-client.development.js:15476:11)\n    at recursivelyTraversePassiveMountEffects (/Users/szymonpaczos/OpenOurGov/frontend/node_modules/react-dom/cjs/react-dom-client.development.js:15439:11)\n    at commitPassiveMountOnFiber (/Users/szymonpaczos/OpenOurGov/frontend/node_modules/react-dom/cjs/react-dom-client.development.js:15519:11)\n    at flushPassiveEffects (/Users/szymonpaczos/OpenOurGov/frontend/node_modules/react-dom/cjs/react-dom-client.development.js:18432:9)\n    at /Users/szymonpaczos/OpenOurGov/frontend/node_modules/react-dom/cjs/react-dom-client.development.js:17923:15\n    at flushActQueue (/Users/szymonpaczos/OpenOurGov/frontend/node_modules/react/cjs/react.development.js:590:34)\n    at process.env.NODE_ENV.exports.act (/Users/szymonpaczos/OpenOurGov/frontend/node_modules/react/cjs/react.development.js:884:10)\n    at /Users/szymonpaczos/OpenOurGov/frontend/node_modules/@testing-library/react/dist/act-compat.js:46:25\n    at renderRoot (/Users/szymonpaczos/OpenOurGov/frontend/node_modules/@testing-library/react/dist/pure.js:189:26)\n    at render (/Users/szymonpaczos/OpenOurGov/frontend/node_modules/@testing-library/react/dist/pure.js:291:10)\n    at Object.<anonymous> (/Users/szymonpaczos/OpenOurGov/frontend/components/navigation/__tests__/Navbar.test.tsx:45:15)\n    at Promise.finally.completed (/Users/szymonpaczos/OpenOurGov/frontend/node_modules/jest-circus/build/jestAdapterInit.js:1557:28)\n    at new Promise (<anonymous>)\n    at callAsyncCircusFn (/Users/szymonpaczos/OpenOurGov/frontend/node_modules/jest-circus/build/jestAdapterInit.js:1497:10)\n    at _callCircusTest (/Users/szymonpaczos/OpenOurGov/frontend/node_modules/jest-circus/build/jestAdapterInit.js:1007:40)\n    at processTicksAndRejections (node:internal/process/task_queues:103:5)\n    at _runTest (/Users/szymonpaczos/OpenOurGov/frontend/node_modules/jest-circus/build/jestAdapterInit.js:947:3)\n    at /Users/szymonpaczos/OpenOurGov/frontend/node_modules/jest-circus/build/jestAdapterInit.js:849:7\n    at _runTestsForDescribeBlock (/Users/szymonpaczos/OpenOurGov/frontend/node_modules/jest-circus/build/jestAdapterInit.js:862:11)\n    at _runTestsForDescribeBlock (/Users/szymonpaczos/OpenOurGov/frontend/node_modules/jest-circus/build/jestAdapterInit.js:857:11)\n    at run (/Users/szymonpaczos/OpenOurGov/frontend/node_modules/jest-circus/build/jestAdapterInit.js:761:3)\n    at runAndTransformResultsToJestFormat (/Users/szymonpaczos/OpenOurGov/frontend/node_modules/jest-circus/build/jestAdapterInit.js:1918:21)\n    at jestAdapter (/Users/szymonpaczos/OpenOurGov/frontend/node_modules/jest-circus/build/runner.js:101:19)\n    at runTestInternal (/Users/szymonpaczos/OpenOurGov/frontend/node_modules/jest-runner/build/testWorker.js:275:16)\n    at runTest (/Users/szymonpaczos/OpenOurGov/frontend/node_modules/jest-runner/build/testWorker.js:343:7)\n    at Object.worker (/Users/szymonpaczos/OpenOurGov/frontend/node_modules/jest-runner/build/testWorker.js:497:12)"],"fullName":"Navbar has a search input","invocations":1,"location":null,"numPassingAsserts":0,"retryReasons":[],"startAt":1774967444983,"status":"failed","title":"has a search input"},{"ancestorTitles":["Navbar"],"duration":113,"failing":false,"failureDetails":[{}],"failureMessages":["TypeError: window.matchMedia is not a function\n    at matchMedia (/Users/szymonpaczos/OpenOurGov/frontend/components/ThemeToggle.tsx:11:84)\n    at Object.react_stack_bottom_frame (/Users/szymonpaczos/OpenOurGov/frontend/node_modules/react-dom/cjs/react-dom-client.development.js:25989:20)\n    at runWithFiberInDEV (/Users/szymonpaczos/OpenOurGov/frontend/node_modules/react-dom/cjs/react-dom-client.development.js:874:13)\n    at commitHookEffectListMount (/Users/szymonpaczos/OpenOurGov/frontend/node_modules/react-dom/cjs/react-dom-client.development.js:13249:29)\n    at commitHookPassiveMountEffects (/Users/szymonpaczos/OpenOurGov/frontend/node_modules/react-dom/cjs/react-dom-client.development.js:13336:11)\n    at commitPassiveMountOnFiber (/Users/szymonpaczos/OpenOurGov/frontend/node_modules/react-dom/cjs/react-dom-client.development.js:15484:13)\n    at recursivelyTraversePassiveMountEffects (/Users/szymonpaczos/OpenOurGov/frontend/node_modules/react-dom/cjs/react-dom-client.development.js:15439:11)\n    at commitPassiveMountOnFiber (/Users/szymonpaczos/OpenOurGov/frontend/node_modules/react-dom/cjs/react-dom-client.development.js:15718:11)\n    at recursivelyTraversePassiveMountEffects (/Users/szymonpaczos/OpenOurGov/frontend/node_modules/react-dom/cjs/react-dom-client.development.js:15439:11)\n    at commitPassiveMountOnFiber (/Users/szymonpaczos/OpenOurGov/frontend/node_modules/react-dom/cjs/react-dom-client.development.js:15718:11)\n    at recursivelyTraversePassiveMountEffects (/Users/szymonpaczos/OpenOurGov/frontend/node_modules/react-dom/cjs/react-dom-client.development.js:15439:11)\n    at commitPassiveMountOnFiber (/Users/szymonpaczos/OpenOurGov/frontend/node_modules/react-dom/cjs/react-dom-client.development.js:15476:11)\n    at recursivelyTraversePassiveMountEffects (/Users/szymonpaczos/OpenOurGov/frontend/node_modules/react-dom/cjs/react-dom-client.development.js:15439:11)\n    at commitPassiveMountOnFiber (/Users/szymonpaczos/OpenOurGov/frontend/node_modules/react-dom/cjs/react-dom-client.development.js:15519:11)\n    at flushPassiveEffects (/Users/szymonpaczos/OpenOurGov/frontend/node_modules/react-dom/cjs/react-dom-client.development.js:18432:9)\n    at /Users/szymonpaczos/OpenOurGov/frontend/node_modules/react-dom/cjs/react-dom-client.development.js:17923:15\n    at flushActQueue (/Users/szymonpaczos/OpenOurGov/frontend/node_modules/react/cjs/react.development.js:590:34)\n    at process.env.NODE_ENV.exports.act (/Users/szymonpaczos/OpenOurGov/frontend/node_modules/react/cjs/react.development.js:884:10)\n    at /Users/szymonpaczos/OpenOurGov/frontend/node_modules/@testing-library/react/dist/act-compat.js:46:25\n    at renderRoot (/Users/szymonpaczos/OpenOurGov/frontend/node_modules/@testing-library/react/dist/pure.js:189:26)\n    at render (/Users/szymonpaczos/OpenOurGov/frontend/node_modules/@testing-library/react/dist/pure.js:291:10)\n    at Object.<anonymous> (/Users/szymonpaczos/OpenOurGov/frontend/components/navigation/__tests__/Navbar.test.tsx:52:15)\n    at Promise.finally.completed (/Users/szymonpaczos/OpenOurGov/frontend/node_modules/jest-circus/build/jestAdapterInit.js:1557:28)\n    at new Promise (<anonymous>)\n    at callAsyncCircusFn (/Users/szymonpaczos/OpenOurGov/frontend/node_modules/jest-circus/build/jestAdapterInit.js:1497:10)\n    at _callCircusTest (/Users/szymonpaczos/OpenOurGov/frontend/node_modules/jest-circus/build/jestAdapterInit.js:1007:40)\n    at processTicksAndRejections (node:internal/process/task_queues:103:5)\n    at _runTest (/Users/szymonpaczos/OpenOurGov/frontend/node_modules/jest-circus/build/jestAdapterInit.js:947:3)\n    at /Users/szymonpaczos/OpenOurGov/frontend/node_modules/jest-circus/build/jestAdapterInit.js:849:7\n    at _runTestsForDescribeBlock (/Users/szymonpaczos/OpenOurGov/frontend/node_modules/jest-circus/build/jestAdapterInit.js:862:11)\n    at _runTestsForDescribeBlock (/Users/szymonpaczos/OpenOurGov/frontend/node_modules/jest-circus/build/jestAdapterInit.js:857:11)\n    at run (/Users/szymonpaczos/OpenOurGov/frontend/node_modules/jest-circus/build/jestAdapterInit.js:761:3)\n    at runAndTransformResultsToJestFormat (/Users/szymonpaczos/OpenOurGov/frontend/node_modules/jest-circus/build/jestAdapterInit.js:1918:21)\n    at jestAdapter (/Users/szymonpaczos/OpenOurGov/frontend/node_modules/jest-circus/build/runner.js:101:19)\n    at runTestInternal (/Users/szymonpaczos/OpenOurGov/frontend/node_modules/jest-runner/build/testWorker.js:275:16)\n    at runTest (/Users/szymonpaczos/OpenOurGov/frontend/node_modules/jest-runner/build/testWorker.js:343:7)\n    at Object.worker (/Users/szymonpaczos/OpenOurGov/frontend/node_modules/jest-runner/build/testWorker.js:497:12)"],"fullName":"Navbar active page /poslowie has active styling","invocations":1,"location":null,"numPassingAsserts":0,"retryReasons":[],"startAt":1774967445024,"status":"failed","title":"active page /poslowie has active styling"},{"ancestorTitles":["Navbar"],"duration":21,"failing":false,"failureDetails":[{}],"failureMessages":["TypeError: window.matchMedia is not a function\n    at matchMedia (/Users/szymonpaczos/OpenOurGov/frontend/components/ThemeToggle.tsx:11:84)\n    at Object.react_stack_bottom_frame (/Users/szymonpaczos/OpenOurGov/frontend/node_modules/react-dom/cjs/react-dom-client.development.js:25989:20)\n    at runWithFiberInDEV (/Users/szymonpaczos/OpenOurGov/frontend/node_modules/react-dom/cjs/react-dom-client.development.js:874:13)\n    at commitHookEffectListMount (/Users/szymonpaczos/OpenOurGov/frontend/node_modules/react-dom/cjs/react-dom-client.development.js:13249:29)\n    at commitHookPassiveMountEffects (/Users/szymonpaczos/OpenOurGov/frontend/node_modules/react-dom/cjs/react-dom-client.development.js:13336:11)\n    at commitPassiveMountOnFiber (/Users/szymonpaczos/OpenOurGov/frontend/node_modules/react-dom/cjs/react-dom-client.development.js:15484:13)\n    at recursivelyTraversePassiveMountEffects (/Users/szymonpaczos/OpenOurGov/frontend/node_modules/react-dom/cjs/react-dom-client.development.js:15439:11)\n    at commitPassiveMountOnFiber (/Users/szymonpaczos/OpenOurGov/frontend/node_modules/react-dom/cjs/react-dom-client.development.js:15718:11)\n    at recursivelyTraversePassiveMountEffects (/Users/szymonpaczos/OpenOurGov/frontend/node_modules/react-dom/cjs/react-dom-client.development.js:15439:11)\n    at commitPassiveMountOnFiber (/Users/szymonpaczos/OpenOurGov/frontend/node_modules/react-dom/cjs/react-dom-client.development.js:15718:11)\n    at recursivelyTraversePassiveMountEffects (/Users/szymonpaczos/OpenOurGov/frontend/node_modules/react-dom/cjs/react-dom-client.development.js:15439:11)\n    at commitPassiveMountOnFiber (/Users/szymonpaczos/OpenOurGov/frontend/node_modules/react-dom/cjs/react-dom-client.development.js:15476:11)\n    at recursivelyTraversePassiveMountEffects (/Users/szymonpaczos/OpenOurGov/frontend/node_modules/react-dom/cjs/react-dom-client.development.js:15439:11)\n    at commitPassiveMountOnFiber (/Users/szymonpaczos/OpenOurGov/frontend/node_modules/react-dom/cjs/react-dom-client.development.js:15519:11)\n    at flushPassiveEffects (/Users/szymonpaczos/OpenOurGov/frontend/node_modules/react-dom/cjs/react-dom-client.development.js:18432:9)\n    at /Users/szymonpaczos/OpenOurGov/frontend/node_modules/react-dom/cjs/react-dom-client.development.js:17923:15\n    at flushActQueue (/Users/szymonpaczos/OpenOurGov/frontend/node_modules/react/cjs/react.development.js:590:34)\n    at process.env.NODE_ENV.exports.act (/Users/szymonpaczos/OpenOurGov/frontend/node_modules/react/cjs/react.development.js:884:10)\n    at /Users/szymonpaczos/OpenOurGov/frontend/node_modules/@testing-library/react/dist/act-compat.js:46:25\n    at renderRoot (/Users/szymonpaczos/OpenOurGov/frontend/node_modules/@testing-library/react/dist/pure.js:189:26)\n    at render (/Users/szymonpaczos/OpenOurGov/frontend/node_modules/@testing-library/react/dist/pure.js:291:10)\n    at Object.<anonymous> (/Users/szymonpaczos/OpenOurGov/frontend/components/navigation/__tests__/Navbar.test.tsx:59:15)\n    at Promise.finally.completed (/Users/szymonpaczos/OpenOurGov/frontend/node_modules/jest-circus/build/jestAdapterInit.js:1557:28)\n    at new Promise (<anonymous>)\n    at callAsyncCircusFn (/Users/szymonpaczos/OpenOurGov/frontend/node_modules/jest-circus/build/jestAdapterInit.js:1497:10)\n    at _callCircusTest (/Users/szymonpaczos/OpenOurGov/frontend/node_modules/jest-circus/build/jestAdapterInit.js:1007:40)\n    at processTicksAndRejections (node:internal/process/task_queues:103:5)\n    at _runTest (/Users/szymonpaczos/OpenOurGov/frontend/node_modules/jest-circus/build/jestAdapterInit.js:947:3)\n    at /Users/szymonpaczos/OpenOurGov/frontend/node_modules/jest-circus/build/jestAdapterInit.js:849:7\n    at _runTestsForDescribeBlock (/Users/szymonpaczos/OpenOurGov/frontend/node_modules/jest-circus/build/jestAdapterInit.js:862:11)\n    at _runTestsForDescribeBlock (/Users/szymonpaczos/OpenOurGov/frontend/node_modules/jest-circus/build/jestAdapterInit.js:857:11)\n    at run (/Users/szymonpaczos/OpenOurGov/frontend/node_modules/jest-circus/build/jestAdapterInit.js:761:3)\n    at runAndTransformResultsToJestFormat (/Users/szymonpaczos/OpenOurGov/frontend/node_modules/jest-circus/build/jestAdapterInit.js:1918:21)\n    at jestAdapter (/Users/szymonpaczos/OpenOurGov/frontend/node_modules/jest-circus/build/runner.js:101:19)\n    at runTestInternal (/Users/szymonpaczos/OpenOurGov/frontend/node_modules/jest-runner/build/testWorker.js:275:16)\n    at runTest (/Users/szymonpaczos/OpenOurGov/frontend/node_modules/jest-runner/build/testWorker.js:343:7)\n    at Object.worker (/Users/szymonpaczos/OpenOurGov/frontend/node_modules/jest-runner/build/testWorker.js:497:12)"],"fullName":"Navbar inactive page does not have active styling","invocations":1,"location":null,"numPassingAsserts":0,"retryReasons":[],"startAt":1774967445139,"status":"failed","title":"inactive page does not have active styling"},{"ancestorTitles":["Navbar"],"duration":21,"failing":false,"failureDetails":[{}],"failureMessages":["TypeError: window.matchMedia is not a function\n    at matchMedia (/Users/szymonpaczos/OpenOurGov/frontend/components/ThemeToggle.tsx:11:84)\n    at Object.react_stack_bottom_frame (/Users/szymonpaczos/OpenOurGov/frontend/node_modules/react-dom/cjs/react-dom-client.development.js:25989:20)\n    at runWithFiberInDEV (/Users/szymonpaczos/OpenOurGov/frontend/node_modules/react-dom/cjs/react-dom-client.development.js:874:13)\n    at commitHookEffectListMount (/Users/szymonpaczos/OpenOurGov/frontend/node_modules/react-dom/cjs/react-dom-client.development.js:13249:29)\n    at commitHookPassiveMountEffects (/Users/szymonpaczos/OpenOurGov/frontend/node_modules/react-dom/cjs/react-dom-client.development.js:13336:11)\n    at commitPassiveMountOnFiber (/Users/szymonpaczos/OpenOurGov/frontend/node_modules/react-dom/cjs/react-dom-client.development.js:15484:13)\n    at recursivelyTraversePassiveMountEffects (/Users/szymonpaczos/OpenOurGov/frontend/node_modules/react-dom/cjs/react-dom-client.development.js:15439:11)\n    at commitPassiveMountOnFiber (/Users/szymonpaczos/OpenOurGov/frontend/node_modules/react-dom/cjs/react-dom-client.development.js:15718:11)\n    at recursivelyTraversePassiveMountEffects (/Users/szymonpaczos/OpenOurGov/frontend/node_modules/react-dom/cjs/react-dom-client.development.js:15439:11)\n    at commitPassiveMountOnFiber (/Users/szymonpaczos/OpenOurGov/frontend/node_modules/react-dom/cjs/react-dom-client.development.js:15718:11)\n    at recursivelyTraversePassiveMountEffects (/Users/szymonpaczos/OpenOurGov/frontend/node_modules/react-dom/cjs/react-dom-client.development.js:15439:11)\n    at commitPassiveMountOnFiber (/Users/szymonpaczos/OpenOurGov/frontend/node_modules/react-dom/cjs/react-dom-client.development.js:15476:11)\n    at recursivelyTraversePassiveMountEffects (/Users/szymonpaczos/OpenOurGov/frontend/node_modules/react-dom/cjs/react-dom-client.development.js:15439:11)\n    at commitPassiveMountOnFiber (/Users/szymonpaczos/OpenOurGov/frontend/node_modules/react-dom/cjs/react-dom-client.development.js:15519:11)\n    at flushPassiveEffects (/Users/szymonpaczos/OpenOurGov/frontend/node_modules/react-dom/cjs/react-dom-client.development.js:18432:9)\n    at /Users/szymonpaczos/OpenOurGov/frontend/node_modules/react-dom/cjs/react-dom-client.development.js:17923:15\n    at flushActQueue (/Users/szymonpaczos/OpenOurGov/frontend/node_modules/react/cjs/react.development.js:590:34)\n    at process.env.NODE_ENV.exports.act (/Users/szymonpaczos/OpenOurGov/frontend/node_modules/react/cjs/react.development.js:884:10)\n    at /Users/szymonpaczos/OpenOurGov/frontend/node_modules/@testing-library/react/dist/act-compat.js:46:25\n    at renderRoot (/Users/szymonpaczos/OpenOurGov/frontend/node_modules/@testing-library/react/dist/pure.js:189:26)\n    at render (/Users/szymonpaczos/OpenOurGov/frontend/node_modules/@testing-library/react/dist/pure.js:291:10)\n    at Object.<anonymous> (/Users/szymonpaczos/OpenOurGov/frontend/components/navigation/__tests__/Navbar.test.tsx:65:15)\n    at Promise.finally.completed (/Users/szymonpaczos/OpenOurGov/frontend/node_modules/jest-circus/build/jestAdapterInit.js:1557:28)\n    at new Promise (<anonymous>)\n    at callAsyncCircusFn (/Users/szymonpaczos/OpenOurGov/frontend/node_modules/jest-circus/build/jestAdapterInit.js:1497:10)\n    at _callCircusTest (/Users/szymonpaczos/OpenOurGov/frontend/node_modules/jest-circus/build/jestAdapterInit.js:1007:40)\n    at processTicksAndRejections (node:internal/process/task_queues:103:5)\n    at _runTest (/Users/szymonpaczos/OpenOurGov/frontend/node_modules/jest-circus/build/jestAdapterInit.js:947:3)\n    at /Users/szymonpaczos/OpenOurGov/frontend/node_modules/jest-circus/build/jestAdapterInit.js:849:7\n    at _runTestsForDescribeBlock (/Users/szymonpaczos/OpenOurGov/frontend/node_modules/jest-circus/build/jestAdapterInit.js:862:11)\n    at _runTestsForDescribeBlock (/Users/szymonpaczos/OpenOurGov/frontend/node_modules/jest-circus/build/jestAdapterInit.js:857:11)\n    at run (/Users/szymonpaczos/OpenOurGov/frontend/node_modules/jest-circus/build/jestAdapterInit.js:761:3)\n    at runAndTransformResultsToJestFormat (/Users/szymonpaczos/OpenOurGov/frontend/node_modules/jest-circus/build/jestAdapterInit.js:1918:21)\n    at jestAdapter (/Users/szymonpaczos/OpenOurGov/frontend/node_modules/jest-circus/build/runner.js:101:19)\n    at runTestInternal (/Users/szymonpaczos/OpenOurGov/frontend/node_modules/jest-runner/build/testWorker.js:275:16)\n    at runTest (/Users/szymonpaczos/OpenOurGov/frontend/node_modules/jest-runner/build/testWorker.js:343:7)\n    at Object.worker (/Users/szymonpaczos/OpenOurGov/frontend/node_modules/jest-runner/build/testWorker.js:497:12)"],"fullName":"Navbar contains all expected nav links","invocations":1,"location":null,"numPassingAsserts":0,"retryReasons":[],"startAt":1774967445162,"status":"failed","title":"contains all expected nav links"},{"ancestorTitles":["Navbar"],"duration":11,"failing":false,"failureDetails":[{}],"failureMessages":["TypeError: window.matchMedia is not a function\n    at matchMedia (/Users/szymonpaczos/OpenOurGov/frontend/components/ThemeToggle.tsx:11:84)\n    at Object.react_stack_bottom_frame (/Users/szymonpaczos/OpenOurGov/frontend/node_modules/react-dom/cjs/react-dom-client.development.js:25989:20)\n    at runWithFiberInDEV (/Users/szymonpaczos/OpenOurGov/frontend/node_modules/react-dom/cjs/react-dom-client.development.js:874:13)\n    at commitHookEffectListMount (/Users/szymonpaczos/OpenOurGov/frontend/node_modules/react-dom/cjs/react-dom-client.development.js:13249:29)\n    at commitHookPassiveMountEffects (/Users/szymonpaczos/OpenOurGov/frontend/node_modules/react-dom/cjs/react-dom-client.development.js:13336:11)\n    at commitPassiveMountOnFiber (/Users/szymonpaczos/OpenOurGov/frontend/node_modules/react-dom/cjs/react-dom-client.development.js:15484:13)\n    at recursivelyTraversePassiveMountEffects (/Users/szymonpaczos/OpenOurGov/frontend/node_modules/react-dom/cjs/react-dom-client.development.js:15439:11)\n    at commitPassiveMountOnFiber (/Users/szymonpaczos/OpenOurGov/frontend/node_modules/react-dom/cjs/react-dom-client.development.js:15718:11)\n    at recursivelyTraversePassiveMountEffects (/Users/szymonpaczos/OpenOurGov/frontend/node_modules/react-dom/cjs/react-dom-client.development.js:15439:11)\n    at commitPassiveMountOnFiber (/Users/szymonpaczos/OpenOurGov/frontend/node_modules/react-dom/cjs/react-dom-client.development.js:15718:11)\n    at recursivelyTraversePassiveMountEffects (/Users/szymonpaczos/OpenOurGov/frontend/node_modules/react-dom/cjs/react-dom-client.development.js:15439:11)\n    at commitPassiveMountOnFiber (/Users/szymonpaczos/OpenOurGov/frontend/node_modules/react-dom/cjs/react-dom-client.development.js:15476:11)\n    at recursivelyTraversePassiveMountEffects (/Users/szymonpaczos/OpenOurGov/frontend/node_modules/react-dom/cjs/react-dom-client.development.js:15439:11)\n    at commitPassiveMountOnFiber (/Users/szymonpaczos/OpenOurGov/frontend/node_modules/react-dom/cjs/react-dom-client.development.js:15519:11)\n    at flushPassiveEffects (/Users/szymonpaczos/OpenOurGov/frontend/node_modules/react-dom/cjs/react-dom-client.development.js:18432:9)\n    at /Users/szymonpaczos/OpenOurGov/frontend/node_modules/react-dom/cjs/react-dom-client.development.js:17923:15\n    at flushActQueue (/Users/szymonpaczos/OpenOurGov/frontend/node_modules/react/cjs/react.development.js:590:34)\n    at process.env.NODE_ENV.exports.act (/Users/szymonpaczos/OpenOurGov/frontend/node_modules/react/cjs/react.development.js:884:10)\n    at /Users/szymonpaczos/OpenOurGov/frontend/node_modules/@testing-library/react/dist/act-compat.js:46:25\n    at renderRoot (/Users/szymonpaczos/OpenOurGov/frontend/node_modules/@testing-library/react/dist/pure.js:189:26)\n    at render (/Users/szymonpaczos/OpenOurGov/frontend/node_modules/@testing-library/react/dist/pure.js:291:10)\n    at Object.<anonymous> (/Users/szymonpaczos/OpenOurGov/frontend/components/navigation/__tests__/Navbar.test.tsx:73:15)\n    at Promise.finally.completed (/Users/szymonpaczos/OpenOurGov/frontend/node_modules/jest-circus/build/jestAdapterInit.js:1557:28)\n    at new Promise (<anonymous>)\n    at callAsyncCircusFn (/Users/szymonpaczos/OpenOurGov/frontend/node_modules/jest-circus/build/jestAdapterInit.js:1497:10)\n    at _callCircusTest (/Users/szymonpaczos/OpenOurGov/frontend/node_modules/jest-circus/build/jestAdapterInit.js:1007:40)\n    at processTicksAndRejections (node:internal/process/task_queues:103:5)\n    at _runTest (/Users/szymonpaczos/OpenOurGov/frontend/node_modules/jest-circus/build/jestAdapterInit.js:947:3)\n    at /Users/szymonpaczos/OpenOurGov/frontend/node_modules/jest-circus/build/jestAdapterInit.js:849:7\n    at _runTestsForDescribeBlock (/Users/szymonpaczos/OpenOurGov/frontend/node_modules/jest-circus/build/jestAdapterInit.js:862:11)\n    at _runTestsForDescribeBlock (/Users/szymonpaczos/OpenOurGov/frontend/node_modules/jest-circus/build/jestAdapterInit.js:857:11)\n    at run (/Users/szymonpaczos/OpenOurGov/frontend/node_modules/jest-circus/build/jestAdapterInit.js:761:3)\n    at runAndTransformResultsToJestFormat (/Users/szymonpaczos/OpenOurGov/frontend/node_modules/jest-circus/build/jestAdapterInit.js:1918:21)\n    at jestAdapter (/Users/szymonpaczos/OpenOurGov/frontend/node_modules/jest-circus/build/runner.js:101:19)\n    at runTestInternal (/Users/szymonpaczos/OpenOurGov/frontend/node_modules/jest-runner/build/testWorker.js:275:16)\n    at runTest (/Users/szymonpaczos/OpenOurGov/frontend/node_modules/jest-runner/build/testWorker.js:343:7)\n    at Object.worker (/Users/szymonpaczos/OpenOurGov/frontend/node_modules/jest-runner/build/testWorker.js:497:12)"],"fullName":"Navbar renders JasnaSprawa.pl logo","invocations":1,"location":null,"numPassingAsserts":0,"retryReasons":[],"startAt":1774967445184,"status":"failed","title":"renders JasnaSprawa.pl logo"}],"endTime":1774967445244,"message":"  ● Navbar › contains a link to /senatorowie\n\n    TypeError: window.matchMedia is not a function\n\n       9 |     useEffect(() => {\n      10 |         // Check initial preference\n    > 11 |         if (localStorage.theme === 'dark' || (!('theme' in localStorage) && window.matchMedia('(prefers-color-scheme: dark)').matches)) {\n         |                                                                                    ^\n      12 |             setTheme('dark');\n      13 |             document.documentElement.classList.add('dark');\n      14 |         } else {\n\n      at matchMedia (components/ThemeToggle.tsx:11:84)\n      at Object.react_stack_bottom_frame (node_modules/react-dom/cjs/react-dom-client.development.js:25989:20)\n      at runWithFiberInDEV (node_modules/react-dom/cjs/react-dom-client.development.js:874:13)\n      at commitHookEffectListMount (node_modules/react-dom/cjs/react-dom-client.development.js:13249:29)\n      at commitHookPassiveMountEffects (node_modules/react-dom/cjs/react-dom-client.development.js:13336:11)\n      at commitPassiveMountOnFiber (node_modules/react-dom/cjs/react-dom-client.development.js:15484:13)\n      at recursivelyTraversePassiveMountEffects (node_modules/react-dom/cjs/react-dom-client.development.js:15439:11)\n      at commitPassiveMountOnFiber (node_modules/react-dom/cjs/react-dom-client.development.js:15718:11)\n      at recursivelyTraversePassiveMountEffects (node_modules/react-dom/cjs/react-dom-client.development.js:15439:11)\n      at commitPassiveMountOnFiber (node_modules/react-dom/cjs/react-dom-client.development.js:15718:11)\n      at recursivelyTraversePassiveMountEffects (node_modules/react-dom/cjs/react-dom-client.development.js:15439:11)\n      at commitPassiveMountOnFiber (node_modules/react-dom/cjs/react-dom-client.development.js:15476:11)\n      at recursivelyTraversePassiveMountEffects (node_modules/react-dom/cjs/react-dom-client.development.js:15439:11)\n      at commitPassiveMountOnFiber (node_modules/react-dom/cjs/react-dom-client.development.js:15519:11)\n      at flushPassiveEffects (node_modules/react-dom/cjs/react-dom-client.development.js:18432:9)\n      at node_modules/react-dom/cjs/react-dom-client.development.js:17923:15\n      at flushActQueue (node_modules/react/cjs/react.development.js:590:34)\n      at process.env.NODE_ENV.exports.act (node_modules/react/cjs/react.development.js:884:10)\n      at node_modules/@testing-library/react/dist/act-compat.js:46:25\n      at renderRoot (node_modules/@testing-library/react/dist/pure.js:189:26)\n      at render (node_modules/@testing-library/react/dist/pure.js:291:10)\n      at Object.<anonymous> (components/navigation/__tests__/Navbar.test.tsx:29:15)\n\n  ● Navbar › contains a link to /ustawy\n\n    TypeError: window.matchMedia is not a function\n\n       9 |     useEffect(() => {\n      10 |         // Check initial preference\n    > 11 |         if (localStorage.theme === 'dark' || (!('theme' in localStorage) && window.matchMedia('(prefers-color-scheme: dark)').matches)) {\n         |                                                                                    ^\n      12 |             setTheme('dark');\n      13 |             document.documentElement.classList.add('dark');\n      14 |         } else {\n\n      at matchMedia (components/ThemeToggle.tsx:11:84)\n      at Object.react_stack_bottom_frame (node_modules/react-dom/cjs/react-dom-client.development.js:25989:20)\n      at runWithFiberInDEV (node_modules/react-dom/cjs/react-dom-client.development.js:874:13)\n      at commitHookEffectListMount (node_modules/react-dom/cjs/react-dom-client.development.js:13249:29)\n      at commitHookPassiveMountEffects (node_modules/react-dom/cjs/react-dom-client.development.js:13336:11)\n      at commitPassiveMountOnFiber (node_modules/react-dom/cjs/react-dom-client.development.js:15484:13)\n      at recursivelyTraversePassiveMountEffects (node_modules/react-dom/cjs/react-dom-client.development.js:15439:11)\n      at commitPassiveMountOnFiber (node_modules/react-dom/cjs/react-dom-client.development.js:15718:11)\n      at recursivelyTraversePassiveMountEffects (node_modules/react-dom/cjs/react-dom-client.development.js:15439:11)\n      at commitPassiveMountOnFiber (node_modules/react-dom/cjs/react-dom-client.development.js:15718:11)\n      at recursivelyTraversePassiveMountEffects (node_modules/react-dom/cjs/react-dom-client.development.js:15439:11)\n      at commitPassiveMountOnFiber (node_modules/react-dom/cjs/react-dom-client.development.js:15476:11)\n      at recursivelyTraversePassiveMountEffects (node_modules/react-dom/cjs/react-dom-client.development.js:15439:11)\n      at commitPassiveMountOnFiber (node_modules/react-dom/cjs/react-dom-client.development.js:15519:11)\n      at flushPassiveEffects (node_modules/react-dom/cjs/react-dom-client.development.js:18432:9)\n      at node_modules/react-dom/cjs/react-dom-client.development.js:17923:15\n      at flushActQueue (node_modules/react/cjs/react.development.js:590:34)\n      at process.env.NODE_ENV.exports.act (node_modules/react/cjs/react.development.js:884:10)\n      at node_modules/@testing-library/react/dist/act-compat.js:46:25\n      at renderRoot (node_modules/@testing-library/react/dist/pure.js:189:26)\n      at render (node_modules/@testing-library/react/dist/pure.js:291:10)\n      at Object.<anonymous> (components/navigation/__tests__/Navbar.test.tsx:37:15)\n\n  ● Navbar › has a search input\n\n    TypeError: window.matchMedia is not a function\n\n       9 |     useEffect(() => {\n      10 |         // Check initial preference\n    > 11 |         if (localStorage.theme === 'dark' || (!('theme' in localStorage) && window.matchMedia('(prefers-color-scheme: dark)').matches)) {\n         |                                                                                    ^\n      12 |             setTheme('dark');\n      13 |             document.documentElement.classList.add('dark');\n      14 |         } else {\n\n      at matchMedia (components/ThemeToggle.tsx:11:84)\n      at Object.react_stack_bottom_frame (node_modules/react-dom/cjs/react-dom-client.development.js:25989:20)\n      at runWithFiberInDEV (node_modules/react-dom/cjs/react-dom-client.development.js:874:13)\n      at commitHookEffectListMount (node_modules/react-dom/cjs/react-dom-client.development.js:13249:29)\n      at commitHookPassiveMountEffects (node_modules/react-dom/cjs/react-dom-client.development.js:13336:11)\n      at commitPassiveMountOnFiber (node_modules/react-dom/cjs/react-dom-client.development.js:15484:13)\n      at recursivelyTraversePassiveMountEffects (node_modules/react-dom/cjs/react-dom-client.development.js:15439:11)\n      at commitPassiveMountOnFiber (node_modules/react-dom/cjs/react-dom-client.development.js:15718:11)\n      at recursivelyTraversePassiveMountEffects (node_modules/react-dom/cjs/react-dom-client.development.js:15439:11)\n      at commitPassiveMountOnFiber (node_modules/react-dom/cjs/react-dom-client.development.js:15718:11)\n      at recursivelyTraversePassiveMountEffects (node_modules/react-dom/cjs/react-dom-client.development.js:15439:11)\n      at commitPassiveMountOnFiber (node_modules/react-dom/cjs/react-dom-client.development.js:15476:11)\n      at recursivelyTraversePassiveMountEffects (node_modules/react-dom/cjs/react-dom-client.development.js:15439:11)\n      at commitPassiveMountOnFiber (node_modules/react-dom/cjs/react-dom-client.development.js:15519:11)\n      at flushPassiveEffects (node_modules/react-dom/cjs/react-dom-client.development.js:18432:9)\n      at node_modules/react-dom/cjs/react-dom-client.development.js:17923:15\n      at flushActQueue (node_modules/react/cjs/react.development.js:590:34)\n      at process.env.NODE_ENV.exports.act (node_modules/react/cjs/react.development.js:884:10)\n      at node_modules/@testing-library/react/dist/act-compat.js:46:25\n      at renderRoot (node_modules/@testing-library/react/dist/pure.js:189:26)\n      at render (node_modules/@testing-library/react/dist/pure.js:291:10)\n      at Object.<anonymous> (components/navigation/__tests__/Navbar.test.tsx:45:15)\n\n  ● Navbar › active page /poslowie has active styling\n\n    TypeError: window.matchMedia is not a function\n\n       9 |     useEffect(() => {\n      10 |         // Check initial preference\n    > 11 |         if (localStorage.theme === 'dark' || (!('theme' in localStorage) && window.matchMedia('(prefers-color-scheme: dark)').matches)) {\n         |                                                                                    ^\n      12 |             setTheme('dark');\n      13 |             document.documentElement.classList.add('dark');\n      14 |         } else {\n\n      at matchMedia (components/ThemeToggle.tsx:11:84)\n      at Object.react_stack_bottom_frame (node_modules/react-dom/cjs/react-dom-client.development.js:25989:20)\n      at runWithFiberInDEV (node_modules/react-dom/cjs/react-dom-client.development.js:874:13)\n      at commitHookEffectListMount (node_modules/react-dom/cjs/react-dom-client.development.js:13249:29)\n      at commitHookPassiveMountEffects (node_modules/react-dom/cjs/react-dom-client.development.js:13336:11)\n      at commitPassiveMountOnFiber (node_modules/react-dom/cjs/react-dom-client.development.js:15484:13)\n      at recursivelyTraversePassiveMountEffects (node_modules/react-dom/cjs/react-dom-client.development.js:15439:11)\n      at commitPassiveMountOnFiber (node_modules/react-dom/cjs/react-dom-client.development.js:15718:11)\n      at recursivelyTraversePassiveMountEffects (node_modules/react-dom/cjs/react-dom-client.development.js:15439:11)\n      at commitPassiveMountOnFiber (node_modules/react-dom/cjs/react-dom-client.development.js:15718:11)\n      at recursivelyTraversePassiveMountEffects (node_modules/react-dom/cjs/react-dom-client.development.js:15439:11)\n      at commitPassiveMountOnFiber (node_modules/react-dom/cjs/react-dom-client.development.js:15476:11)\n      at recursivelyTraversePassiveMountEffects (node_modules/react-dom/cjs/react-dom-client.development.js:15439:11)\n      at commitPassiveMountOnFiber (node_modules/react-dom/cjs/react-dom-client.development.js:15519:11)\n      at flushPassiveEffects (node_modules/react-dom/cjs/react-dom-client.development.js:18432:9)\n      at node_modules/react-dom/cjs/react-dom-client.development.js:17923:15\n      at flushActQueue (node_modules/react/cjs/react.development.js:590:34)\n      at process.env.NODE_ENV.exports.act (node_modules/react/cjs/react.development.js:884:10)\n      at node_modules/@testing-library/react/dist/act-compat.js:46:25\n      at renderRoot (node_modules/@testing-library/react/dist/pure.js:189:26)\n      at render (node_modules/@testing-library/react/dist/pure.js:291:10)\n      at Object.<anonymous> (components/navigation/__tests__/Navbar.test.tsx:52:15)\n\n  ● Navbar › inactive page does not have active styling\n\n    TypeError: window.matchMedia is not a function\n\n       9 |     useEffect(() => {\n      10 |         // Check initial preference\n    > 11 |         if (localStorage.theme === 'dark' || (!('theme' in localStorage) && window.matchMedia('(prefers-color-scheme: dark)').matches)) {\n         |                                                                                    ^\n      12 |             setTheme('dark');\n      13 |             document.documentElement.classList.add('dark');\n      14 |         } else {\n\n      at matchMedia (components/ThemeToggle.tsx:11:84)\n      at Object.react_stack_bottom_frame (node_modules/react-dom/cjs/react-dom-client.development.js:25989:20)\n      at runWithFiberInDEV (node_modules/react-dom/cjs/react-dom-client.development.js:874:13)\n      at commitHookEffectListMount (node_modules/react-dom/cjs/react-dom-client.development.js:13249:29)\n      at commitHookPassiveMountEffects (node_modules/react-dom/cjs/react-dom-client.development.js:13336:11)\n      at commitPassiveMountOnFiber (node_modules/react-dom/cjs/react-dom-client.development.js:15484:13)\n      at recursivelyTraversePassiveMountEffects (node_modules/react-dom/cjs/react-dom-client.development.js:15439:11)\n      at commitPassiveMountOnFiber (node_modules/react-dom/cjs/react-dom-client.development.js:15718:11)\n      at recursivelyTraversePassiveMountEffects (node_modules/react-dom/cjs/react-dom-client.development.js:15439:11)\n      at commitPassiveMountOnFiber (node_modules/react-dom/cjs/react-dom-client.development.js:15718:11)\n      at recursivelyTraversePassiveMountEffects (node_modules/react-dom/cjs/react-dom-client.development.js:15439:11)\n      at commitPassiveMountOnFiber (node_modules/react-dom/cjs/react-dom-client.development.js:15476:11)\n      at recursivelyTraversePassiveMountEffects (node_modules/react-dom/cjs/react-dom-client.development.js:15439:11)\n      at commitPassiveMountOnFiber (node_modules/react-dom/cjs/react-dom-client.development.js:15519:11)\n      at flushPassiveEffects (node_modules/react-dom/cjs/react-dom-client.development.js:18432:9)\n      at node_modules/react-dom/cjs/react-dom-client.development.js:17923:15\n      at flushActQueue (node_modules/react/cjs/react.development.js:590:34)\n      at process.env.NODE_ENV.exports.act (node_modules/react/cjs/react.development.js:884:10)\n      at node_modules/@testing-library/react/dist/act-compat.js:46:25\n      at renderRoot (node_modules/@testing-library/react/dist/pure.js:189:26)\n      at render (node_modules/@testing-library/react/dist/pure.js:291:10)\n      at Object.<anonymous> (components/navigation/__tests__/Navbar.test.tsx:59:15)\n\n  ● Navbar › contains all expected nav links\n\n    TypeError: window.matchMedia is not a function\n\n       9 |     useEffect(() => {\n      10 |         // Check initial preference\n    > 11 |         if (localStorage.theme === 'dark' || (!('theme' in localStorage) && window.matchMedia('(prefers-color-scheme: dark)').matches)) {\n         |                                                                                    ^\n      12 |             setTheme('dark');\n      13 |             document.documentElement.classList.add('dark');\n      14 |         } else {\n\n      at matchMedia (components/ThemeToggle.tsx:11:84)\n      at Object.react_stack_bottom_frame (node_modules/react-dom/cjs/react-dom-client.development.js:25989:20)\n      at runWithFiberInDEV (node_modules/react-dom/cjs/react-dom-client.development.js:874:13)\n      at commitHookEffectListMount (node_modules/react-dom/cjs/react-dom-client.development.js:13249:29)\n      at commitHookPassiveMountEffects (node_modules/react-dom/cjs/react-dom-client.development.js:13336:11)\n      at commitPassiveMountOnFiber (node_modules/react-dom/cjs/react-dom-client.development.js:15484:13)\n      at recursivelyTraversePassiveMountEffects (node_modules/react-dom/cjs/react-dom-client.development.js:15439:11)\n      at commitPassiveMountOnFiber (node_modules/react-dom/cjs/react-dom-client.development.js:15718:11)\n      at recursivelyTraversePassiveMountEffects (node_modules/react-dom/cjs/react-dom-client.development.js:15439:11)\n      at commitPassiveMountOnFiber (node_modules/react-dom/cjs/react-dom-client.development.js:15718:11)\n      at recursivelyTraversePassiveMountEffects (node_modules/react-dom/cjs/react-dom-client.development.js:15439:11)\n      at commitPassiveMountOnFiber (node_modules/react-dom/cjs/react-dom-client.development.js:15476:11)\n      at recursivelyTraversePassiveMountEffects (node_modules/react-dom/cjs/react-dom-client.development.js:15439:11)\n      at commitPassiveMountOnFiber (node_modules/react-dom/cjs/react-dom-client.development.js:15519:11)\n      at flushPassiveEffects (node_modules/react-dom/cjs/react-dom-client.development.js:18432:9)\n      at node_modules/react-dom/cjs/react-dom-client.development.js:17923:15\n      at flushActQueue (node_modules/react/cjs/react.development.js:590:34)\n      at process.env.NODE_ENV.exports.act (node_modules/react/cjs/react.development.js:884:10)\n      at node_modules/@testing-library/react/dist/act-compat.js:46:25\n      at renderRoot (node_modules/@testing-library/react/dist/pure.js:189:26)\n      at render (node_modules/@testing-library/react/dist/pure.js:291:10)\n      at Object.<anonymous> (components/navigation/__tests__/Navbar.test.tsx:65:15)\n\n  ● Navbar › renders JasnaSprawa.pl logo\n\n    TypeError: window.matchMedia is not a function\n\n       9 |     useEffect(() => {\n      10 |         // Check initial preference\n    > 11 |         if (localStorage.theme === 'dark' || (!('theme' in localStorage) && window.matchMedia('(prefers-color-scheme: dark)').matches)) {\n         |                                                                                    ^\n      12 |             setTheme('dark');\n      13 |             document.documentElement.classList.add('dark');\n      14 |         } else {\n\n      at matchMedia (components/ThemeToggle.tsx:11:84)\n      at Object.react_stack_bottom_frame (node_modules/react-dom/cjs/react-dom-client.development.js:25989:20)\n      at runWithFiberInDEV (node_modules/react-dom/cjs/react-dom-client.development.js:874:13)\n      at commitHookEffectListMount (node_modules/react-dom/cjs/react-dom-client.development.js:13249:29)\n      at commitHookPassiveMountEffects (node_modules/react-dom/cjs/react-dom-client.development.js:13336:11)\n      at commitPassiveMountOnFiber (node_modules/react-dom/cjs/react-dom-client.development.js:15484:13)\n      at recursivelyTraversePassiveMountEffects (node_modules/react-dom/cjs/react-dom-client.development.js:15439:11)\n      at commitPassiveMountOnFiber (node_modules/react-dom/cjs/react-dom-client.development.js:15718:11)\n      at recursivelyTraversePassiveMountEffects (node_modules/react-dom/cjs/react-dom-client.development.js:15439:11)\n      at commitPassiveMountOnFiber (node_modules/react-dom/cjs/react-dom-client.development.js:15718:11)\n      at recursivelyTraversePassiveMountEffects (node_modules/react-dom/cjs/react-dom-client.development.js:15439:11)\n      at commitPassiveMountOnFiber (node_modules/react-dom/cjs/react-dom-client.development.js:15476:11)\n      at recursivelyTraversePassiveMountEffects (node_modules/react-dom/cjs/react-dom-client.development.js:15439:11)\n      at commitPassiveMountOnFiber (node_modules/react-dom/cjs/react-dom-client.development.js:15519:11)\n      at flushPassiveEffects (node_modules/react-dom/cjs/react-dom-client.development.js:18432:9)\n      at node_modules/react-dom/cjs/react-dom-client.development.js:17923:15\n      at flushActQueue (node_modules/react/cjs/react.development.js:590:34)\n      at process.env.NODE_ENV.exports.act (node_modules/react/cjs/react.development.js:884:10)\n      at node_modules/@testing-library/react/dist/act-compat.js:46:25\n      at renderRoot (node_modules/@testing-library/react/dist/pure.js:189:26)\n      at render (node_modules/@testing-library/react/dist/pure.js:291:10)\n      at Object.<anonymous> (components/navigation/__tests__/Navbar.test.tsx:73:15)\n","name":"/Users/szymonpaczos/OpenOurGov/frontend/components/navigation/__tests__/Navbar.test.tsx","startTime":1774967443872,"status":"failed","summary":""},{"assertionResults":[{"ancestorTitles":["MPsList Integration"],"duration":160,"failing":false,"failureDetails":[],"failureMessages":[],"fullName":"MPsList Integration globalSearch filters by name","invocations":1,"location":null,"numPassingAsserts":2,"retryReasons":[],"startAt":1774967443975,"status":"passed","title":"globalSearch filters by name"},{"ancestorTitles":["MPsList Integration"],"duration":26,"failing":false,"failureDetails":[],"failureMessages":[],"fullName":"MPsList Integration globalSearch filters by club","invocations":1,"location":null,"numPassingAsserts":2,"retryReasons":[],"startAt":1774967444137,"status":"passed","title":"globalSearch filters by club"},{"ancestorTitles":["MPsList Integration"],"duration":45,"failing":false,"failureDetails":[],"failureMessages":[],"fullName":"MPsList Integration clicking \"Senat\" shows only senators","invocations":1,"location":null,"numPassingAsserts":2,"retryReasons":[],"startAt":1774967444163,"status":"passed","title":"clicking \"Senat\" shows only senators"},{"ancestorTitles":["MPsList Integration"],"duration":151,"failing":false,"failureDetails":[],"failureMessages":[],"fullName":"MPsList Integration clicking \"Sejm\" shows only MPs","invocations":1,"location":null,"numPassingAsserts":2,"retryReasons":[],"startAt":1774967444208,"status":"passed","title":"clicking \"Sejm\" shows only MPs"},{"ancestorTitles":["MPsList Integration"],"duration":790,"failing":false,"failureDetails":[],"failureMessages":[],"fullName":"MPsList Integration \"Pokaż więcej\" increases visible count","invocations":1,"location":null,"numPassingAsserts":2,"retryReasons":[],"startAt":1774967444368,"status":"passed","title":"\"Pokaż więcej\" increases visible count"},{"ancestorTitles":["MPsList Integration"],"duration":1075,"failing":false,"failureDetails":[],"failureMessages":[],"fullName":"MPsList Integration clicking \"Pokaż więcej\" twice shows all MPs","invocations":1,"location":null,"numPassingAsserts":2,"retryReasons":[],"startAt":1774967445159,"status":"passed","title":"clicking \"Pokaż więcej\" twice shows all MPs"},{"ancestorTitles":["MPsList Integration"],"duration":33,"failing":false,"failureDetails":[],"failureMessages":[],"fullName":"MPsList Integration \"Wszyscy\" resets chamber filter","invocations":1,"location":null,"numPassingAsserts":3,"retryReasons":[],"startAt":1774967446234,"status":"passed","title":"\"Wszyscy\" resets chamber filter"},{"ancestorTitles":["MPsList Integration"],"duration":9,"failing":false,"failureDetails":[],"failureMessages":[],"fullName":"MPsList Integration Sejm MP card links to /poslowie/[id]","invocations":1,"location":null,"numPassingAsserts":1,"retryReasons":[],"startAt":1774967446267,"status":"passed","title":"Sejm MP card links to /poslowie/[id]"},{"ancestorTitles":["MPsList Integration"],"duration":8,"failing":false,"failureDetails":[],"failureMessages":[],"fullName":"MPsList Integration Senat MP card links to /senatorowie/[id]","invocations":1,"location":null,"numPassingAsserts":1,"retryReasons":[],"startAt":1774967446277,"status":"passed","title":"Senat MP card links to /senatorowie/[id]"},{"ancestorTitles":["MPsList Integration"],"duration":6,"failing":false,"failureDetails":[],"failureMessages":[],"fullName":"MPsList Integration shows empty message when no results match","invocations":1,"location":null,"numPassingAsserts":1,"retryReasons":[],"startAt":1774967446285,"status":"passed","title":"shows empty message when no results match"}],"endTime":1774967446302,"message":"","name":"/Users/szymonpaczos/OpenOurGov/frontend/app/poslowie/__tests__/MPsList.test.tsx","startTime":1774967442185,"status":"passed","summary":""}],"wasInterrupted":false}
