{"numFailedTestSuites":1,"numFailedTests":0,"numPassedTestSuites":11,"numPassedTests":54,"numPendingTestSuites":0,"numPendingTests":0,"numRuntimeErrorTestSuites":1,"numTodoTests":0,"numTotalTestSuites":12,"numTotalTests":54,"openHandles":[],"snapshot":{"added":0,"didUpdate":false,"failure":false,"filesAdded":0,"filesRemoved":0,"filesRemovedList":[],"filesUnmatched":0,"filesUpdated":0,"matched":0,"total":0,"unchecked":0,"uncheckedKeysByFile":[],"unmatched":0,"updated":0},"startTime":1774967401196,"success":false,"testResults":[{"assertionResults":[{"ancestorTitles":["billsSlice reducers"],"duration":18,"failing":false,"failureDetails":[],"failureMessages":[],"fullName":"billsSlice reducers setBills sets items and marks status as succeeded","invocations":1,"location":null,"numPassingAsserts":2,"retryReasons":[],"startAt":1774967403810,"status":"passed","title":"setBills sets items and marks status as succeeded"},{"ancestorTitles":["billsSlice reducers"],"duration":6,"failing":false,"failureDetails":[],"failureMessages":[],"fullName":"billsSlice reducers setBills with empty array sets items to [] and status to succeeded","invocations":1,"location":null,"numPassingAsserts":2,"retryReasons":[],"startAt":1774967403829,"status":"passed","title":"setBills with empty array sets items to [] and status to succeeded"},{"ancestorTitles":["billsSlice reducers"],"duration":0,"failing":false,"failureDetails":[],"failureMessages":[],"fullName":"billsSlice reducers setFilterStatus sets filter.status to UE","invocations":1,"location":null,"numPassingAsserts":1,"retryReasons":[],"startAt":1774967403836,"status":"passed","title":"setFilterStatus sets filter.status to UE"},{"ancestorTitles":["billsSlice reducers"],"duration":1,"failing":false,"failureDetails":[],"failureMessages":[],"fullName":"billsSlice reducers setFilterStatus resets back to all","invocations":1,"location":null,"numPassingAsserts":1,"retryReasons":[],"startAt":1774967403836,"status":"passed","title":"setFilterStatus resets back to all"},{"ancestorTitles":["billsSlice selectors"],"duration":8,"failing":false,"failureDetails":[],"failureMessages":[],"fullName":"billsSlice selectors selectFilteredBills returns all bills when no search","invocations":1,"location":null,"numPassingAsserts":1,"retryReasons":[],"startAt":1774967403837,"status":"passed","title":"selectFilteredBills returns all bills when no search"},{"ancestorTitles":["billsSlice selectors"],"duration":10,"failing":false,"failureDetails":[],"failureMessages":[],"fullName":"billsSlice selectors selectFilteredBills filters by title","invocations":1,"location":null,"numPassingAsserts":2,"retryReasons":[],"startAt":1774967403845,"status":"passed","title":"selectFilteredBills filters by title"},{"ancestorTitles":["billsSlice selectors"],"duration":1,"failing":false,"failureDetails":[],"failureMessages":[],"fullName":"billsSlice selectors selectFilteredBills filters by id","invocations":1,"location":null,"numPassingAsserts":1,"retryReasons":[],"startAt":1774967403856,"status":"passed","title":"selectFilteredBills filters by id"},{"ancestorTitles":["billsSlice selectors"],"duration":5,"failing":false,"failureDetails":[],"failureMessages":[],"fullName":"billsSlice selectors selectFilteredBills filters by UE status","invocations":1,"location":null,"numPassingAsserts":2,"retryReasons":[],"startAt":1774967403857,"status":"passed","title":"selectFilteredBills filters by UE status"},{"ancestorTitles":["billsSlice selectors"],"duration":3,"failing":false,"failureDetails":[],"failureMessages":[],"fullName":"billsSlice selectors selectFilteredBills sorts by date descending","invocations":1,"location":null,"numPassingAsserts":3,"retryReasons":[],"startAt":1774967403862,"status":"passed","title":"selectFilteredBills sorts by date descending"},{"ancestorTitles":["billsSlice selectors"],"duration":6,"failing":false,"failureDetails":[],"failureMessages":[],"fullName":"billsSlice selectors selectBills returns raw items","invocations":1,"location":null,"numPassingAsserts":1,"retryReasons":[],"startAt":1774967403865,"status":"passed","title":"selectBills returns raw items"},{"ancestorTitles":["billsSlice selectors"],"duration":1,"failing":false,"failureDetails":[],"failureMessages":[],"fullName":"billsSlice selectors selectFilter returns the filter object","invocations":1,"location":null,"numPassingAsserts":1,"retryReasons":[],"startAt":1774967403871,"status":"passed","title":"selectFilter returns the filter object"}],"endTime":1774967403873,"message":"","name":"/Users/szymonpaczos/OpenOurGov/frontend/lib/features/bills/__tests__/billsSlice.test.ts","startTime":1774967402895,"status":"passed","summary":""},{"assertionResults":[{"ancestorTitles":["Data Loaders","getBills"],"duration":27,"failing":false,"failureDetails":[],"failureMessages":[],"fullName":"Data Loaders getBills returns bills array when file exists","invocations":1,"location":null,"numPassingAsserts":3,"retryReasons":[],"startAt":1774967403856,"status":"passed","title":"returns bills array when file exists"},{"ancestorTitles":["Data Loaders","getBills"],"duration":1,"failing":false,"failureDetails":[],"failureMessages":[],"fullName":"Data Loaders getBills returns empty array when file does not exist","invocations":1,"location":null,"numPassingAsserts":1,"retryReasons":[],"startAt":1774967403883,"status":"passed","title":"returns empty array when file does not exist"},{"ancestorTitles":["Data Loaders","getMPs / getMP"],"duration":9,"failing":false,"failureDetails":[],"failureMessages":[],"fullName":"Data Loaders getMPs / getMP getMP returns MP when found","invocations":1,"location":null,"numPassingAsserts":2,"retryReasons":[],"startAt":1774967403884,"status":"passed","title":"getMP returns MP when found"},{"ancestorTitles":["Data Loaders","getMPs / getMP"],"duration":0,"failing":false,"failureDetails":[],"failureMessages":[],"fullName":"Data Loaders getMPs / getMP getMP returns undefined when not found","invocations":1,"location":null,"numPassingAsserts":1,"retryReasons":[],"startAt":1774967403893,"status":"passed","title":"getMP returns undefined when not found"},{"ancestorTitles":["Data Loaders","getSenators"],"duration":10,"failing":false,"failureDetails":[],"failureMessages":[],"fullName":"Data Loaders getSenators returns senators when file exists","invocations":1,"location":null,"numPassingAsserts":2,"retryReasons":[],"startAt":1774967403893,"status":"passed","title":"returns senators when file exists"},{"ancestorTitles":["Data Loaders","getSenators"],"duration":3,"failing":false,"failureDetails":[],"failureMessages":[],"fullName":"Data Loaders getSenators returns empty array when file missing","invocations":1,"location":null,"numPassingAsserts":1,"retryReasons":[],"startAt":1774967403903,"status":"passed","title":"returns empty array when file missing"},{"ancestorTitles":["Data Loaders","getRclProjects"],"duration":4,"failing":false,"failureDetails":[],"failureMessages":[],"fullName":"Data Loaders getRclProjects returns projects when file exists","invocations":1,"location":null,"numPassingAsserts":1,"retryReasons":[],"startAt":1774967403907,"status":"passed","title":"returns projects when file exists"},{"ancestorTitles":["Data Loaders","getVotesForMP"],"duration":11,"failing":false,"failureDetails":[],"failureMessages":[],"fullName":"Data Loaders getVotesForMP returns empty array when file does not exist","invocations":1,"location":null,"numPassingAsserts":1,"retryReasons":[],"startAt":1774967403912,"status":"passed","title":"returns empty array when file does not exist"},{"ancestorTitles":["Data Loaders","getVotesForMP"],"duration":1,"failing":false,"failureDetails":[],"failureMessages":[],"fullName":"Data Loaders getVotesForMP returns votes when file exists","invocations":1,"location":null,"numPassingAsserts":2,"retryReasons":[],"startAt":1774967403923,"status":"passed","title":"returns votes when file exists"},{"ancestorTitles":["Data Loaders","stats functions"],"duration":18,"failing":false,"failureDetails":[],"failureMessages":[],"fullName":"Data Loaders stats functions getParliamentStats sums MPs + Senators","invocations":1,"location":null,"numPassingAsserts":3,"retryReasons":[],"startAt":1774967403924,"status":"passed","title":"getParliamentStats sums MPs + Senators"}],"endTime":1774967403946,"message":"","name":"/Users/szymonpaczos/OpenOurGov/frontend/lib/__tests__/dataLoaders.test.ts","startTime":1774967402904,"status":"passed","summary":""},{"assertionResults":[{"ancestorTitles":["BillPage"],"duration":14,"failing":false,"failureDetails":[],"failureMessages":[],"fullName":"BillPage defines the component","invocations":1,"location":null,"numPassingAsserts":1,"retryReasons":[],"startAt":1774967403985,"status":"passed","title":"defines the component"}],"endTime":1774967404000,"message":"","name":"/Users/szymonpaczos/OpenOurGov/frontend/__tests__/BillPage.test.tsx","startTime":1774967402891,"status":"passed","summary":""},{"assertionResults":[{"ancestorTitles":["constants"],"duration":2,"failing":false,"failureDetails":[],"failureMessages":[],"fullName":"constants KANBAN_STAGES_ORDER contains exactly 10 stages","invocations":1,"location":null,"numPassingAsserts":1,"retryReasons":[],"startAt":1774967404135,"status":"passed","title":"KANBAN_STAGES_ORDER contains exactly 10 stages"},{"ancestorTitles":["constants"],"duration":1,"failing":false,"failureDetails":[],"failureMessages":[],"fullName":"constants first stage is Inicjatywa, last is Wejście w życie","invocations":1,"location":null,"numPassingAsserts":2,"retryReasons":[],"startAt":1774967404137,"status":"passed","title":"first stage is Inicjatywa, last is Wejście w życie"},{"ancestorTitles":["constants"],"duration":0,"failing":false,"failureDetails":[],"failureMessages":[],"fullName":"constants all KANBAN_STAGES values are unique","invocations":1,"location":null,"numPassingAsserts":1,"retryReasons":[],"startAt":1774967404138,"status":"passed","title":"all KANBAN_STAGES values are unique"},{"ancestorTitles":["constants"],"duration":1,"failing":false,"failureDetails":[],"failureMessages":[],"fullName":"constants KANBAN_STAGE_COLORS has an entry for every stage in KANBAN_STAGES_ORDER","invocations":1,"location":null,"numPassingAsserts":20,"retryReasons":[],"startAt":1774967404138,"status":"passed","title":"KANBAN_STAGE_COLORS has an entry for every stage in KANBAN_STAGES_ORDER"}],"endTime":1774967404141,"message":"","name":"/Users/szymonpaczos/OpenOurGov/frontend/lib/__tests__/constants.test.ts","startTime":1774967403956,"status":"passed","summary":""},{"assertionResults":[{"ancestorTitles":["searchSlice"],"duration":7,"failing":false,"failureDetails":[],"failureMessages":[],"fullName":"searchSlice setGlobalSearch sets the search value","invocations":1,"location":null,"numPassingAsserts":1,"retryReasons":[],"startAt":1774967404224,"status":"passed","title":"setGlobalSearch sets the search value"},{"ancestorTitles":["searchSlice"],"duration":1,"failing":false,"failureDetails":[],"failureMessages":[],"fullName":"searchSlice setGlobalSearch with empty string clears search","invocations":1,"location":null,"numPassingAsserts":1,"retryReasons":[],"startAt":1774967404231,"status":"passed","title":"setGlobalSearch with empty string clears search"},{"ancestorTitles":["searchSlice"],"duration":0,"failing":false,"failureDetails":[],"failureMessages":[],"fullName":"searchSlice selectGlobalSearch returns globalSearch from state","invocations":1,"location":null,"numPassingAsserts":1,"retryReasons":[],"startAt":1774967404232,"status":"passed","title":"selectGlobalSearch returns globalSearch from state"},{"ancestorTitles":["searchSlice"],"duration":0,"failing":false,"failureDetails":[],"failureMessages":[],"fullName":"searchSlice selectGlobalSearch returns empty string from initial state","invocations":1,"location":null,"numPassingAsserts":1,"retryReasons":[],"startAt":1774967404233,"status":"passed","title":"selectGlobalSearch returns empty string from initial state"}],"endTime":1774967404236,"message":"","name":"/Users/szymonpaczos/OpenOurGov/frontend/lib/features/search/__tests__/searchSlice.test.ts","startTime":1774967404011,"status":"passed","summary":""},{"assertionResults":[{"ancestorTitles":["Redux Store"],"duration":20,"failing":false,"failureDetails":[],"failureMessages":[],"fullName":"Redux Store makeStore creates store with bills and search reducers","invocations":1,"location":null,"numPassingAsserts":4,"retryReasons":[],"startAt":1774967404361,"status":"passed","title":"makeStore creates store with bills and search reducers"},{"ancestorTitles":["Redux Store"],"duration":2,"failing":false,"failureDetails":[],"failureMessages":[],"fullName":"Redux Store two store instances do not share state","invocations":1,"location":null,"numPassingAsserts":2,"retryReasons":[],"startAt":1774967404381,"status":"passed","title":"two store instances do not share state"}],"endTime":1774967404387,"message":"","name":"/Users/szymonpaczos/OpenOurGov/frontend/lib/__tests__/store.test.ts","startTime":1774967404045,"status":"passed","summary":""},{"assertionResults":[{"ancestorTitles":["ThemeToggle"],"duration":271,"failing":false,"failureDetails":[],"failureMessages":[],"fullName":"ThemeToggle clicking toggles `dark` class on <html>","invocations":1,"location":null,"numPassingAsserts":3,"retryReasons":[],"startAt":1774967404147,"status":"passed","title":"clicking toggles `dark` class on <html>"},{"ancestorTitles":["ThemeToggle"],"duration":67,"failing":false,"failureDetails":[],"failureMessages":[],"fullName":"ThemeToggle does NOT manually set CSS custom properties","invocations":1,"location":null,"numPassingAsserts":1,"retryReasons":[],"startAt":1774967404419,"status":"passed","title":"does NOT manually set CSS custom properties"}],"endTime":1774967404517,"message":"","name":"/Users/szymonpaczos/OpenOurGov/frontend/components/__tests__/ThemeToggle.test.tsx","startTime":1774967402894,"status":"passed","summary":""},{"assertionResults":[{"ancestorTitles":["cn() utility"],"duration":21,"failing":false,"failureDetails":[],"failureMessages":[],"fullName":"cn() utility joins multiple class names","invocations":1,"location":null,"numPassingAsserts":1,"retryReasons":[],"startAt":1774967404649,"status":"passed","title":"joins multiple class names"},{"ancestorTitles":["cn() utility"],"duration":6,"failing":false,"failureDetails":[],"failureMessages":[],"fullName":"cn() utility deduplicates conflicting Tailwind classes (last wins)","invocations":1,"location":null,"numPassingAsserts":1,"retryReasons":[],"startAt":1774967404670,"status":"passed","title":"deduplicates conflicting Tailwind classes (last wins)"},{"ancestorTitles":["cn() utility"],"duration":1,"failing":false,"failureDetails":[],"failureMessages":[],"fullName":"cn() utility handles conditional classes","invocations":1,"location":null,"numPassingAsserts":1,"retryReasons":[],"startAt":1774967404676,"status":"passed","title":"handles conditional classes"},{"ancestorTitles":["cn() utility"],"duration":0,"failing":false,"failureDetails":[],"failureMessages":[],"fullName":"cn() utility handles empty inputs","invocations":1,"location":null,"numPassingAsserts":1,"retryReasons":[],"startAt":1774967404677,"status":"passed","title":"handles empty inputs"},{"ancestorTitles":["cn() utility"],"duration":0,"failing":false,"failureDetails":[],"failureMessages":[],"fullName":"cn() utility handles undefined and null","invocations":1,"location":null,"numPassingAsserts":1,"retryReasons":[],"startAt":1774967404677,"status":"passed","title":"handles undefined and null"}],"endTime":1774967404678,"message":"","name":"/Users/szymonpaczos/OpenOurGov/frontend/lib/__tests__/utils.test.ts","startTime":1774967404266,"status":"passed","summary":""},{"assertionResults":[],"coverage":{},"endTime":1774967406157,"message":"  ● Test suite failed to run\n\n    Cannot find module '../../lib/hooks' from 'components/navigation/__tests__/Navbar.test.tsx'\n\n      13 | // Mock Redux hooks\n      14 | const mockDispatch = jest.fn();\n    > 15 | jest.mock('../../lib/hooks', () => ({\n         |      ^\n      16 |     useAppDispatch: () => mockDispatch,\n      17 |     useAppSelector: () => '',\n      18 | }));\n\n      at Resolver._throwModNotFoundError (node_modules/jest-resolve/build/index.js:863:11)\n      at Object.mock (components/navigation/__tests__/Navbar.test.tsx:15:6)\n","name":"/Users/szymonpaczos/OpenOurGov/frontend/components/navigation/__tests__/Navbar.test.tsx","startTime":1774967406157,"status":"failed","summary":""},{"assertionResults":[{"ancestorTitles":["BillsList Integration"],"duration":330,"failing":false,"failureDetails":[],"failureMessages":[],"fullName":"BillsList Integration globalSearch filters by title","invocations":1,"location":null,"numPassingAsserts":3,"retryReasons":[],"startAt":1774967404392,"status":"passed","title":"globalSearch filters by title"},{"ancestorTitles":["BillsList Integration"],"duration":36,"failing":false,"failureDetails":[],"failureMessages":[],"fullName":"BillsList Integration UE filter shows only EU bills","invocations":1,"location":null,"numPassingAsserts":2,"retryReasons":[],"startAt":1774967404723,"status":"passed","title":"UE filter shows only EU bills"}],"endTime":1774967404761,"message":"","name":"/Users/szymonpaczos/OpenOurGov/frontend/app/ustawy/__tests__/BillsList.test.tsx","startTime":1774967402913,"status":"passed","summary":""},{"assertionResults":[{"ancestorTitles":["Hemicycle Component"],"duration":387,"failing":false,"failureDetails":[],"failureMessages":[],"fullName":"Hemicycle Component renders correctly with 460 seats","invocations":1,"location":null,"numPassingAsserts":1,"retryReasons":[],"startAt":1774967404056,"status":"passed","title":"renders correctly with 460 seats"},{"ancestorTitles":["Hemicycle Component"],"duration":265,"failing":false,"failureDetails":[],"failureMessages":[],"fullName":"Hemicycle Component displays the total count text","invocations":1,"location":null,"numPassingAsserts":2,"retryReasons":[],"startAt":1774967404447,"status":"passed","title":"displays the total count text"},{"ancestorTitles":["Hemicycle Component"],"duration":222,"failing":false,"failureDetails":[],"failureMessages":[],"fullName":"Hemicycle Component applies correct position styles","invocations":1,"location":null,"numPassingAsserts":3,"retryReasons":[],"startAt":1774967404713,"status":"passed","title":"applies correct position styles"}],"endTime":1774967404938,"message":"","name":"/Users/szymonpaczos/OpenOurGov/frontend/__tests__/Hemicycle.test.tsx","startTime":1774967402913,"status":"passed","summary":""},{"assertionResults":[{"ancestorTitles":["MPsList Integration"],"duration":164,"failing":false,"failureDetails":[],"failureMessages":[],"fullName":"MPsList Integration globalSearch filters by name","invocations":1,"location":null,"numPassingAsserts":2,"retryReasons":[],"startAt":1774967404539,"status":"passed","title":"globalSearch filters by name"},{"ancestorTitles":["MPsList Integration"],"duration":7,"failing":false,"failureDetails":[],"failureMessages":[],"fullName":"MPsList Integration globalSearch filters by club","invocations":1,"location":null,"numPassingAsserts":2,"retryReasons":[],"startAt":1774967404704,"status":"passed","title":"globalSearch filters by club"},{"ancestorTitles":["MPsList Integration"],"duration":25,"failing":false,"failureDetails":[],"failureMessages":[],"fullName":"MPsList Integration clicking \"Senat\" shows only senators","invocations":1,"location":null,"numPassingAsserts":2,"retryReasons":[],"startAt":1774967404711,"status":"passed","title":"clicking \"Senat\" shows only senators"},{"ancestorTitles":["MPsList Integration"],"duration":34,"failing":false,"failureDetails":[],"failureMessages":[],"fullName":"MPsList Integration clicking \"Sejm\" shows only MPs","invocations":1,"location":null,"numPassingAsserts":2,"retryReasons":[],"startAt":1774967404736,"status":"passed","title":"clicking \"Sejm\" shows only MPs"},{"ancestorTitles":["MPsList Integration"],"duration":514,"failing":false,"failureDetails":[],"failureMessages":[],"fullName":"MPsList Integration \"Pokaż więcej\" increases visible count","invocations":1,"location":null,"numPassingAsserts":2,"retryReasons":[],"startAt":1774967404770,"status":"passed","title":"\"Pokaż więcej\" increases visible count"},{"ancestorTitles":["MPsList Integration"],"duration":729,"failing":false,"failureDetails":[],"failureMessages":[],"fullName":"MPsList Integration clicking \"Pokaż więcej\" twice shows all MPs","invocations":1,"location":null,"numPassingAsserts":2,"retryReasons":[],"startAt":1774967405285,"status":"passed","title":"clicking \"Pokaż więcej\" twice shows all MPs"},{"ancestorTitles":["MPsList Integration"],"duration":17,"failing":false,"failureDetails":[],"failureMessages":[],"fullName":"MPsList Integration \"Wszyscy\" resets chamber filter","invocations":1,"location":null,"numPassingAsserts":3,"retryReasons":[],"startAt":1774967406014,"status":"passed","title":"\"Wszyscy\" resets chamber filter"},{"ancestorTitles":["MPsList Integration"],"duration":5,"failing":false,"failureDetails":[],"failureMessages":[],"fullName":"MPsList Integration Sejm MP card links to /poslowie/[id]","invocations":1,"location":null,"numPassingAsserts":1,"retryReasons":[],"startAt":1774967406031,"status":"passed","title":"Sejm MP card links to /poslowie/[id]"},{"ancestorTitles":["MPsList Integration"],"duration":2,"failing":false,"failureDetails":[],"failureMessages":[],"fullName":"MPsList Integration Senat MP card links to /senatorowie/[id]","invocations":1,"location":null,"numPassingAsserts":1,"retryReasons":[],"startAt":1774967406036,"status":"passed","title":"Senat MP card links to /senatorowie/[id]"},{"ancestorTitles":["MPsList Integration"],"duration":2,"failing":false,"failureDetails":[],"failureMessages":[],"fullName":"MPsList Integration shows empty message when no results match","invocations":1,"location":null,"numPassingAsserts":1,"retryReasons":[],"startAt":1774967406038,"status":"passed","title":"shows empty message when no results match"}],"endTime":1774967406041,"message":"","name":"/Users/szymonpaczos/OpenOurGov/frontend/app/poslowie/__tests__/MPsList.test.tsx","startTime":1774967402896,"status":"passed","summary":""}],"wasInterrupted":false}
