{"numFailedTestSuites":0,"numFailedTests":0,"numPassedTestSuites":12,"numPassedTests":61,"numPendingTestSuites":0,"numPendingTests":0,"numRuntimeErrorTestSuites":0,"numTodoTests":0,"numTotalTestSuites":12,"numTotalTests":61,"openHandles":[],"snapshot":{"added":0,"didUpdate":false,"failure":false,"filesAdded":0,"filesRemoved":0,"filesRemovedList":[],"filesUnmatched":0,"filesUpdated":0,"matched":0,"total":0,"unchecked":0,"uncheckedKeysByFile":[],"unmatched":0,"updated":0},"startTime":1774967502244,"success":true,"testResults":[{"assertionResults":[{"ancestorTitles":["billsSlice reducers"],"duration":20,"failing":false,"failureDetails":[],"failureMessages":[],"fullName":"billsSlice reducers setBills sets items and marks status as succeeded","invocations":1,"location":null,"numPassingAsserts":2,"retryReasons":[],"startAt":1774967504835,"status":"passed","title":"setBills sets items and marks status as succeeded"},{"ancestorTitles":["billsSlice reducers"],"duration":1,"failing":false,"failureDetails":[],"failureMessages":[],"fullName":"billsSlice reducers setBills with empty array sets items to [] and status to succeeded","invocations":1,"location":null,"numPassingAsserts":2,"retryReasons":[],"startAt":1774967504855,"status":"passed","title":"setBills with empty array sets items to [] and status to succeeded"},{"ancestorTitles":["billsSlice reducers"],"duration":0,"failing":false,"failureDetails":[],"failureMessages":[],"fullName":"billsSlice reducers setFilterStatus sets filter.status to UE","invocations":1,"location":null,"numPassingAsserts":1,"retryReasons":[],"startAt":1774967504856,"status":"passed","title":"setFilterStatus sets filter.status to UE"},{"ancestorTitles":["billsSlice reducers"],"duration":3,"failing":false,"failureDetails":[],"failureMessages":[],"fullName":"billsSlice reducers setFilterStatus resets back to all","invocations":1,"location":null,"numPassingAsserts":1,"retryReasons":[],"startAt":1774967504856,"status":"passed","title":"setFilterStatus resets back to all"},{"ancestorTitles":["billsSlice selectors"],"duration":6,"failing":false,"failureDetails":[],"failureMessages":[],"fullName":"billsSlice selectors selectFilteredBills returns all bills when no search","invocations":1,"location":null,"numPassingAsserts":1,"retryReasons":[],"startAt":1774967504859,"status":"passed","title":"selectFilteredBills returns all bills when no search"},{"ancestorTitles":["billsSlice selectors"],"duration":2,"failing":false,"failureDetails":[],"failureMessages":[],"fullName":"billsSlice selectors selectFilteredBills filters by title","invocations":1,"location":null,"numPassingAsserts":2,"retryReasons":[],"startAt":1774967504865,"status":"passed","title":"selectFilteredBills filters by title"},{"ancestorTitles":["billsSlice selectors"],"duration":1,"failing":false,"failureDetails":[],"failureMessages":[],"fullName":"billsSlice selectors selectFilteredBills filters by id","invocations":1,"location":null,"numPassingAsserts":1,"retryReasons":[],"startAt":1774967504867,"status":"passed","title":"selectFilteredBills filters by id"},{"ancestorTitles":["billsSlice selectors"],"duration":2,"failing":false,"failureDetails":[],"failureMessages":[],"fullName":"billsSlice selectors selectFilteredBills filters by UE status","invocations":1,"location":null,"numPassingAsserts":2,"retryReasons":[],"startAt":1774967504868,"status":"passed","title":"selectFilteredBills filters by UE status"},{"ancestorTitles":["billsSlice selectors"],"duration":0,"failing":false,"failureDetails":[],"failureMessages":[],"fullName":"billsSlice selectors selectFilteredBills sorts by date descending","invocations":1,"location":null,"numPassingAsserts":3,"retryReasons":[],"startAt":1774967504870,"status":"passed","title":"selectFilteredBills sorts by date descending"},{"ancestorTitles":["billsSlice selectors"],"duration":0,"failing":false,"failureDetails":[],"failureMessages":[],"fullName":"billsSlice selectors selectBills returns raw items","invocations":1,"location":null,"numPassingAsserts":1,"retryReasons":[],"startAt":1774967504871,"status":"passed","title":"selectBills returns raw items"},{"ancestorTitles":["billsSlice selectors"],"duration":3,"failing":false,"failureDetails":[],"failureMessages":[],"fullName":"billsSlice selectors selectFilter returns the filter object","invocations":1,"location":null,"numPassingAsserts":1,"retryReasons":[],"startAt":1774967504872,"status":"passed","title":"selectFilter returns the filter object"}],"endTime":1774967504876,"message":"","name":"/Users/szymonpaczos/OpenOurGov/frontend/lib/features/bills/__tests__/billsSlice.test.ts","startTime":1774967504184,"status":"passed","summary":""},{"assertionResults":[{"ancestorTitles":["BillPage"],"duration":20,"failing":false,"failureDetails":[],"failureMessages":[],"fullName":"BillPage defines the component","invocations":1,"location":null,"numPassingAsserts":1,"retryReasons":[],"startAt":1774967505337,"status":"passed","title":"defines the component"}],"endTime":1774967505368,"message":"","name":"/Users/szymonpaczos/OpenOurGov/frontend/__tests__/BillPage.test.tsx","startTime":1774967504206,"status":"passed","summary":""},{"assertionResults":[{"ancestorTitles":["Data Loaders","getBills"],"duration":17,"failing":false,"failureDetails":[],"failureMessages":[],"fullName":"Data Loaders getBills returns bills array when file exists","invocations":1,"location":null,"numPassingAsserts":3,"retryReasons":[],"startAt":1774967505522,"status":"passed","title":"returns bills array when file exists"},{"ancestorTitles":["Data Loaders","getBills"],"duration":1,"failing":false,"failureDetails":[],"failureMessages":[],"fullName":"Data Loaders getBills returns empty array when file does not exist","invocations":1,"location":null,"numPassingAsserts":1,"retryReasons":[],"startAt":1774967505539,"status":"passed","title":"returns empty array when file does not exist"},{"ancestorTitles":["Data Loaders","getMPs / getMP"],"duration":16,"failing":false,"failureDetails":[],"failureMessages":[],"fullName":"Data Loaders getMPs / getMP getMP returns MP when found","invocations":1,"location":null,"numPassingAsserts":2,"retryReasons":[],"startAt":1774967505540,"status":"passed","title":"getMP returns MP when found"},{"ancestorTitles":["Data Loaders","getMPs / getMP"],"duration":7,"failing":false,"failureDetails":[],"failureMessages":[],"fullName":"Data Loaders getMPs / getMP getMP returns undefined when not found","invocations":1,"location":null,"numPassingAsserts":1,"retryReasons":[],"startAt":1774967505557,"status":"passed","title":"getMP returns undefined when not found"},{"ancestorTitles":["Data Loaders","getSenators"],"duration":7,"failing":false,"failureDetails":[],"failureMessages":[],"fullName":"Data Loaders getSenators returns senators when file exists","invocations":1,"location":null,"numPassingAsserts":2,"retryReasons":[],"startAt":1774967505564,"status":"passed","title":"returns senators when file exists"},{"ancestorTitles":["Data Loaders","getSenators"],"duration":0,"failing":false,"failureDetails":[],"failureMessages":[],"fullName":"Data Loaders getSenators returns empty array when file missing","invocations":1,"location":null,"numPassingAsserts":1,"retryReasons":[],"startAt":1774967505571,"status":"passed","title":"returns empty array when file missing"},{"ancestorTitles":["Data Loaders","getRclProjects"],"duration":2,"failing":false,"failureDetails":[],"failureMessages":[],"fullName":"Data Loaders getRclProjects returns projects when file exists","invocations":1,"location":null,"numPassingAsserts":1,"retryReasons":[],"startAt":1774967505571,"status":"passed","title":"returns projects when file exists"},{"ancestorTitles":["Data Loaders","getVotesForMP"],"duration":13,"failing":false,"failureDetails":[],"failureMessages":[],"fullName":"Data Loaders getVotesForMP returns empty array when file does not exist","invocations":1,"location":null,"numPassingAsserts":1,"retryReasons":[],"startAt":1774967505576,"status":"passed","title":"returns empty array when file does not exist"},{"ancestorTitles":["Data Loaders","getVotesForMP"],"duration":4,"failing":false,"failureDetails":[],"failureMessages":[],"fullName":"Data Loaders getVotesForMP returns votes when file exists","invocations":1,"location":null,"numPassingAsserts":2,"retryReasons":[],"startAt":1774967505589,"status":"passed","title":"returns votes when file exists"},{"ancestorTitles":["Data Loaders","stats functions"],"duration":57,"failing":false,"failureDetails":[],"failureMessages":[],"fullName":"Data Loaders stats functions getParliamentStats sums MPs + Senators","invocations":1,"location":null,"numPassingAsserts":3,"retryReasons":[],"startAt":1774967505593,"status":"passed","title":"getParliamentStats sums MPs + Senators"}],"endTime":1774967505651,"message":"","name":"/Users/szymonpaczos/OpenOurGov/frontend/lib/__tests__/dataLoaders.test.ts","startTime":1774967505114,"status":"passed","summary":""},{"assertionResults":[{"ancestorTitles":["searchSlice"],"duration":10,"failing":false,"failureDetails":[],"failureMessages":[],"fullName":"searchSlice setGlobalSearch sets the search value","invocations":1,"location":null,"numPassingAsserts":1,"retryReasons":[],"startAt":1774967505856,"status":"passed","title":"setGlobalSearch sets the search value"},{"ancestorTitles":["searchSlice"],"duration":1,"failing":false,"failureDetails":[],"failureMessages":[],"fullName":"searchSlice setGlobalSearch with empty string clears search","invocations":1,"location":null,"numPassingAsserts":1,"retryReasons":[],"startAt":1774967505866,"status":"passed","title":"setGlobalSearch with empty string clears search"},{"ancestorTitles":["searchSlice"],"duration":1,"failing":false,"failureDetails":[],"failureMessages":[],"fullName":"searchSlice selectGlobalSearch returns globalSearch from state","invocations":1,"location":null,"numPassingAsserts":1,"retryReasons":[],"startAt":1774967505867,"status":"passed","title":"selectGlobalSearch returns globalSearch from state"},{"ancestorTitles":["searchSlice"],"duration":0,"failing":false,"failureDetails":[],"failureMessages":[],"fullName":"searchSlice selectGlobalSearch returns empty string from initial state","invocations":1,"location":null,"numPassingAsserts":1,"retryReasons":[],"startAt":1774967505868,"status":"passed","title":"selectGlobalSearch returns empty string from initial state"}],"endTime":1774967505869,"message":"","name":"/Users/szymonpaczos/OpenOurGov/frontend/lib/features/search/__tests__/searchSlice.test.ts","startTime":1774967505456,"status":"passed","summary":""},{"assertionResults":[{"ancestorTitles":["constants"],"duration":1,"failing":false,"failureDetails":[],"failureMessages":[],"fullName":"constants KANBAN_STAGES_ORDER contains exactly 10 stages","invocations":1,"location":null,"numPassingAsserts":1,"retryReasons":[],"startAt":1774967506422,"status":"passed","title":"KANBAN_STAGES_ORDER contains exactly 10 stages"},{"ancestorTitles":["constants"],"duration":0,"failing":false,"failureDetails":[],"failureMessages":[],"fullName":"constants first stage is Inicjatywa, last is Wejście w życie","invocations":1,"location":null,"numPassingAsserts":2,"retryReasons":[],"startAt":1774967506424,"status":"passed","title":"first stage is Inicjatywa, last is Wejście w życie"},{"ancestorTitles":["constants"],"duration":0,"failing":false,"failureDetails":[],"failureMessages":[],"fullName":"constants all KANBAN_STAGES values are unique","invocations":1,"location":null,"numPassingAsserts":1,"retryReasons":[],"startAt":1774967506424,"status":"passed","title":"all KANBAN_STAGES values are unique"},{"ancestorTitles":["constants"],"duration":23,"failing":false,"failureDetails":[],"failureMessages":[],"fullName":"constants KANBAN_STAGE_COLORS has an entry for every stage in KANBAN_STAGES_ORDER","invocations":1,"location":null,"numPassingAsserts":20,"retryReasons":[],"startAt":1774967506424,"status":"passed","title":"KANBAN_STAGE_COLORS has an entry for every stage in KANBAN_STAGES_ORDER"}],"endTime":1774967506448,"message":"","name":"/Users/szymonpaczos/OpenOurGov/frontend/lib/__tests__/constants.test.ts","startTime":1774967505754,"status":"passed","summary":""},{"assertionResults":[{"ancestorTitles":["ThemeToggle"],"duration":712,"failing":false,"failureDetails":[],"failureMessages":[],"fullName":"ThemeToggle clicking toggles `dark` class on <html>","invocations":1,"location":null,"numPassingAsserts":3,"retryReasons":[],"startAt":1774967505677,"status":"passed","title":"clicking toggles `dark` class on <html>"},{"ancestorTitles":["ThemeToggle"],"duration":64,"failing":false,"failureDetails":[],"failureMessages":[],"fullName":"ThemeToggle does NOT manually set CSS custom properties","invocations":1,"location":null,"numPassingAsserts":1,"retryReasons":[],"startAt":1774967506390,"status":"passed","title":"does NOT manually set CSS custom properties"}],"endTime":1774967506456,"message":"","name":"/Users/szymonpaczos/OpenOurGov/frontend/components/__tests__/ThemeToggle.test.tsx","startTime":1774967504109,"status":"passed","summary":""},{"assertionResults":[{"ancestorTitles":["Redux Store"],"duration":27,"failing":false,"failureDetails":[],"failureMessages":[],"fullName":"Redux Store makeStore creates store with bills and search reducers","invocations":1,"location":null,"numPassingAsserts":4,"retryReasons":[],"startAt":1774967506709,"status":"passed","title":"makeStore creates store with bills and search reducers"},{"ancestorTitles":["Redux Store"],"duration":5,"failing":false,"failureDetails":[],"failureMessages":[],"fullName":"Redux Store two store instances do not share state","invocations":1,"location":null,"numPassingAsserts":2,"retryReasons":[],"startAt":1774967506736,"status":"passed","title":"two store instances do not share state"}],"endTime":1774967506744,"message":"","name":"/Users/szymonpaczos/OpenOurGov/frontend/lib/__tests__/store.test.ts","startTime":1774967506249,"status":"passed","summary":""},{"assertionResults":[{"ancestorTitles":["Navbar"],"duration":615,"failing":false,"failureDetails":[],"failureMessages":[],"fullName":"Navbar contains a link to /senatorowie","invocations":1,"location":null,"numPassingAsserts":2,"retryReasons":[],"startAt":1774967505667,"status":"passed","title":"contains a link to /senatorowie"},{"ancestorTitles":["Navbar"],"duration":48,"failing":false,"failureDetails":[],"failureMessages":[],"fullName":"Navbar contains a link to /ustawy","invocations":1,"location":null,"numPassingAsserts":2,"retryReasons":[],"startAt":1774967506286,"status":"passed","title":"contains a link to /ustawy"},{"ancestorTitles":["Navbar"],"duration":35,"failing":false,"failureDetails":[],"failureMessages":[],"fullName":"Navbar has a search input","invocations":1,"location":null,"numPassingAsserts":1,"retryReasons":[],"startAt":1774967506334,"status":"passed","title":"has a search input"},{"ancestorTitles":["Navbar"],"duration":36,"failing":false,"failureDetails":[],"failureMessages":[],"fullName":"Navbar active page /poslowie has active styling","invocations":1,"location":null,"numPassingAsserts":1,"retryReasons":[],"startAt":1774967506370,"status":"passed","title":"active page /poslowie has active styling"},{"ancestorTitles":["Navbar"],"duration":40,"failing":false,"failureDetails":[],"failureMessages":[],"fullName":"Navbar inactive page does not have active styling","invocations":1,"location":null,"numPassingAsserts":1,"retryReasons":[],"startAt":1774967506406,"status":"passed","title":"inactive page does not have active styling"},{"ancestorTitles":["Navbar"],"duration":105,"failing":false,"failureDetails":[],"failureMessages":[],"fullName":"Navbar contains all expected nav links","invocations":1,"location":null,"numPassingAsserts":7,"retryReasons":[],"startAt":1774967506446,"status":"passed","title":"contains all expected nav links"},{"ancestorTitles":["Navbar"],"duration":201,"failing":false,"failureDetails":[],"failureMessages":[],"fullName":"Navbar renders JasnaSprawa.pl logo","invocations":1,"location":null,"numPassingAsserts":1,"retryReasons":[],"startAt":1774967506551,"status":"passed","title":"renders JasnaSprawa.pl logo"}],"endTime":1774967506781,"message":"","name":"/Users/szymonpaczos/OpenOurGov/frontend/components/navigation/__tests__/Navbar.test.tsx","startTime":1774967504137,"status":"passed","summary":""},{"assertionResults":[{"ancestorTitles":["BillsList Integration"],"duration":866,"failing":false,"failureDetails":[],"failureMessages":[],"fullName":"BillsList Integration globalSearch filters by title","invocations":1,"location":null,"numPassingAsserts":3,"retryReasons":[],"startAt":1774967505564,"status":"passed","title":"globalSearch filters by title"},{"ancestorTitles":["BillsList Integration"],"duration":404,"failing":false,"failureDetails":[],"failureMessages":[],"fullName":"BillsList Integration UE filter shows only EU bills","invocations":1,"location":null,"numPassingAsserts":2,"retryReasons":[],"startAt":1774967506439,"status":"passed","title":"UE filter shows only EU bills"}],"endTime":1774967506852,"message":"","name":"/Users/szymonpaczos/OpenOurGov/frontend/app/ustawy/__tests__/BillsList.test.tsx","startTime":1774967504092,"status":"passed","summary":""},{"assertionResults":[{"ancestorTitles":["cn() utility"],"duration":20,"failing":false,"failureDetails":[],"failureMessages":[],"fullName":"cn() utility joins multiple class names","invocations":1,"location":null,"numPassingAsserts":1,"retryReasons":[],"startAt":1774967507063,"status":"passed","title":"joins multiple class names"},{"ancestorTitles":["cn() utility"],"duration":2,"failing":false,"failureDetails":[],"failureMessages":[],"fullName":"cn() utility deduplicates conflicting Tailwind classes (last wins)","invocations":1,"location":null,"numPassingAsserts":1,"retryReasons":[],"startAt":1774967507083,"status":"passed","title":"deduplicates conflicting Tailwind classes (last wins)"},{"ancestorTitles":["cn() utility"],"duration":1,"failing":false,"failureDetails":[],"failureMessages":[],"fullName":"cn() utility handles conditional classes","invocations":1,"location":null,"numPassingAsserts":1,"retryReasons":[],"startAt":1774967507086,"status":"passed","title":"handles conditional classes"},{"ancestorTitles":["cn() utility"],"duration":1,"failing":false,"failureDetails":[],"failureMessages":[],"fullName":"cn() utility handles empty inputs","invocations":1,"location":null,"numPassingAsserts":1,"retryReasons":[],"startAt":1774967507087,"status":"passed","title":"handles empty inputs"},{"ancestorTitles":["cn() utility"],"duration":0,"failing":false,"failureDetails":[],"failureMessages":[],"fullName":"cn() utility handles undefined and null","invocations":1,"location":null,"numPassingAsserts":1,"retryReasons":[],"startAt":1774967507088,"status":"passed","title":"handles undefined and null"}],"endTime":1774967507091,"message":"","name":"/Users/szymonpaczos/OpenOurGov/frontend/lib/__tests__/utils.test.ts","startTime":1774967506603,"status":"passed","summary":""},{"assertionResults":[{"ancestorTitles":["Hemicycle Component"],"duration":586,"failing":false,"failureDetails":[],"failureMessages":[],"fullName":"Hemicycle Component renders correctly with 460 seats","invocations":1,"location":null,"numPassingAsserts":1,"retryReasons":[],"startAt":1774967505373,"status":"passed","title":"renders correctly with 460 seats"},{"ancestorTitles":["Hemicycle Component"],"duration":789,"failing":false,"failureDetails":[],"failureMessages":[],"fullName":"Hemicycle Component displays the total count text","invocations":1,"location":null,"numPassingAsserts":2,"retryReasons":[],"startAt":1774967505968,"status":"passed","title":"displays the total count text"},{"ancestorTitles":["Hemicycle Component"],"duration":421,"failing":false,"failureDetails":[],"failureMessages":[],"fullName":"Hemicycle Component applies correct position styles","invocations":1,"location":null,"numPassingAsserts":3,"retryReasons":[],"startAt":1774967506766,"status":"passed","title":"applies correct position styles"}],"endTime":1774967507198,"message":"","name":"/Users/szymonpaczos/OpenOurGov/frontend/__tests__/Hemicycle.test.tsx","startTime":1774967504073,"status":"passed","summary":""},{"assertionResults":[{"ancestorTitles":["MPsList Integration"],"duration":233,"failing":false,"failureDetails":[],"failureMessages":[],"fullName":"MPsList Integration globalSearch filters by name","invocations":1,"location":null,"numPassingAsserts":2,"retryReasons":[],"startAt":1774967505646,"status":"passed","title":"globalSearch filters by name"},{"ancestorTitles":["MPsList Integration"],"duration":85,"failing":false,"failureDetails":[],"failureMessages":[],"fullName":"MPsList Integration globalSearch filters by club","invocations":1,"location":null,"numPassingAsserts":2,"retryReasons":[],"startAt":1774967505886,"status":"passed","title":"globalSearch filters by club"},{"ancestorTitles":["MPsList Integration"],"duration":142,"failing":false,"failureDetails":[],"failureMessages":[],"fullName":"MPsList Integration clicking \"Senat\" shows only senators","invocations":1,"location":null,"numPassingAsserts":2,"retryReasons":[],"startAt":1774967505972,"status":"passed","title":"clicking \"Senat\" shows only senators"},{"ancestorTitles":["MPsList Integration"],"duration":202,"failing":false,"failureDetails":[],"failureMessages":[],"fullName":"MPsList Integration clicking \"Sejm\" shows only MPs","invocations":1,"location":null,"numPassingAsserts":2,"retryReasons":[],"startAt":1774967506117,"status":"passed","title":"clicking \"Sejm\" shows only MPs"},{"ancestorTitles":["MPsList Integration"],"duration":1234,"failing":false,"failureDetails":[],"failureMessages":[],"fullName":"MPsList Integration \"Pokaż więcej\" increases visible count","invocations":1,"location":null,"numPassingAsserts":2,"retryReasons":[],"startAt":1774967506321,"status":"passed","title":"\"Pokaż więcej\" increases visible count"},{"ancestorTitles":["MPsList Integration"],"duration":1153,"failing":false,"failureDetails":[],"failureMessages":[],"fullName":"MPsList Integration clicking \"Pokaż więcej\" twice shows all MPs","invocations":1,"location":null,"numPassingAsserts":2,"retryReasons":[],"startAt":1774967507555,"status":"passed","title":"clicking \"Pokaż więcej\" twice shows all MPs"},{"ancestorTitles":["MPsList Integration"],"duration":18,"failing":false,"failureDetails":[],"failureMessages":[],"fullName":"MPsList Integration \"Wszyscy\" resets chamber filter","invocations":1,"location":null,"numPassingAsserts":3,"retryReasons":[],"startAt":1774967508708,"status":"passed","title":"\"Wszyscy\" resets chamber filter"},{"ancestorTitles":["MPsList Integration"],"duration":7,"failing":false,"failureDetails":[],"failureMessages":[],"fullName":"MPsList Integration Sejm MP card links to /poslowie/[id]","invocations":1,"location":null,"numPassingAsserts":1,"retryReasons":[],"startAt":1774967508726,"status":"passed","title":"Sejm MP card links to /poslowie/[id]"},{"ancestorTitles":["MPsList Integration"],"duration":4,"failing":false,"failureDetails":[],"failureMessages":[],"fullName":"MPsList Integration Senat MP card links to /senatorowie/[id]","invocations":1,"location":null,"numPassingAsserts":1,"retryReasons":[],"startAt":1774967508733,"status":"passed","title":"Senat MP card links to /senatorowie/[id]"},{"ancestorTitles":["MPsList Integration"],"duration":2,"failing":false,"failureDetails":[],"failureMessages":[],"fullName":"MPsList Integration shows empty message when no results match","invocations":1,"location":null,"numPassingAsserts":1,"retryReasons":[],"startAt":1774967508737,"status":"passed","title":"shows empty message when no results match"}],"endTime":1774967508743,"message":"","name":"/Users/szymonpaczos/OpenOurGov/frontend/app/poslowie/__tests__/MPsList.test.tsx","startTime":1774967504030,"status":"passed","summary":""}],"wasInterrupted":false}
